info: ::1 - - [10/Jun/2021:02:01:31 +0000] "POST /api/v1/ HTTP/1.1" 404 47 "http://localhost:3000/" "Mozilla/5.0 (Linux; Android 6.0; Nexus 5 Build/MRA58N) AppleWebKit/537.36 (KHTML, like Gecko) Chrome/90.0.4430.212 Mobile Safari/537.36"

info: ::1 - - [10/Jun/2021:02:03:09 +0000] "POST /api/v1/incidents HTTP/1.1" 500 76 "http://localhost:3000/" "Mozilla/5.0 (Linux; Android 6.0; Nexus 5 Build/MRA58N) AppleWebKit/537.36 (KHTML, like Gecko) Chrome/90.0.4430.212 Mobile Safari/537.36"

info: ::1 - - [10/Jun/2021:02:03:57 +0000] "POST /api/v1/incidents HTTP/1.1" 201 148 "http://localhost:3000/" "Mozilla/5.0 (Linux; Android 6.0; Nexus 5 Build/MRA58N) AppleWebKit/537.36 (KHTML, like Gecko) Chrome/90.0.4430.212 Mobile Safari/537.36"

info: ::1 - - [10/Jun/2021:02:06:49 +0000] "POST /api/v1/incidents HTTP/1.1" 201 228 "http://localhost:3000/" "Mozilla/5.0 (Linux; Android 6.0; Nexus 5 Build/MRA58N) AppleWebKit/537.36 (KHTML, like Gecko) Chrome/90.0.4430.212 Mobile Safari/537.36"

info: ::1 - - [10/Jun/2021:02:19:00 +0000] "GET /api/v1/incidents HTTP/1.1" 200 65 "http://localhost:3000/" "Mozilla/5.0 (Linux; Android 6.0; Nexus 5 Build/MRA58N) AppleWebKit/537.36 (KHTML, like Gecko) Chrome/90.0.4430.212 Mobile Safari/537.36"

info: ::1 - - [10/Jun/2021:02:19:03 +0000] "GET /api/v1/incidents HTTP/1.1" 304 - "http://localhost:3000/" "Mozilla/5.0 (Linux; Android 6.0; Nexus 5 Build/MRA58N) AppleWebKit/537.36 (KHTML, like Gecko) Chrome/90.0.4430.212 Mobile Safari/537.36"

info: ::1 - - [10/Jun/2021:02:20:03 +0000] "POST /api/v1/incidents HTTP/1.1" 201 228 "http://localhost:3000/" "Mozilla/5.0 (Linux; Android 6.0; Nexus 5 Build/MRA58N) AppleWebKit/537.36 (KHTML, like Gecko) Chrome/90.0.4430.212 Mobile Safari/537.36"

info: ::1 - - [10/Jun/2021:02:20:07 +0000] "GET /api/v1/incidents HTTP/1.1" 200 245 "http://localhost:3000/" "Mozilla/5.0 (Linux; Android 6.0; Nexus 5 Build/MRA58N) AppleWebKit/537.36 (KHTML, like Gecko) Chrome/90.0.4430.212 Mobile Safari/537.36"

info: ::1 - - [10/Jun/2021:02:21:07 +0000] "GET /api/v1/incidents HTTP/1.1" 304 - "http://localhost:3000/" "Mozilla/5.0 (Linux; Android 6.0; Nexus 5 Build/MRA58N) AppleWebKit/537.36 (KHTML, like Gecko) Chrome/90.0.4430.212 Mobile Safari/537.36"

info: ::1 - - [10/Jun/2021:02:21:39 +0000] "GET /api/v1/incidents HTTP/1.1" 304 - "http://localhost:3000/" "Mozilla/5.0 (Linux; Android 6.0; Nexus 5 Build/MRA58N) AppleWebKit/537.36 (KHTML, like Gecko) Chrome/90.0.4430.212 Mobile Safari/537.36"

info: ::1 - - [10/Jun/2021:02:23:23 +0000] "GET /api/v1/incidents HTTP/1.1" 304 - "http://localhost:3000/" "Mozilla/5.0 (Linux; Android 6.0; Nexus 5 Build/MRA58N) AppleWebKit/537.36 (KHTML, like Gecko) Chrome/90.0.4430.212 Mobile Safari/537.36"

info: ::1 - - [10/Jun/2021:02:23:29 +0000] "GET /api/v1/incidents HTTP/1.1" 304 - "http://localhost:3000/" "Mozilla/5.0 (Linux; Android 6.0; Nexus 5 Build/MRA58N) AppleWebKit/537.36 (KHTML, like Gecko) Chrome/90.0.4430.212 Mobile Safari/537.36"

info: ::1 - - [10/Jun/2021:02:27:46 +0000] "GET /api/v1/incidents HTTP/1.1" 304 - "http://localhost:3000/" "Mozilla/5.0 (Linux; Android 6.0; Nexus 5 Build/MRA58N) AppleWebKit/537.36 (KHTML, like Gecko) Chrome/90.0.4430.212 Mobile Safari/537.36"

info: ::1 - - [10/Jun/2021:02:28:52 +0000] "GET /api/v1/incidents HTTP/1.1" 304 - "http://localhost:3000/" "Mozilla/5.0 (Linux; Android 6.0; Nexus 5 Build/MRA58N) AppleWebKit/537.36 (KHTML, like Gecko) Chrome/90.0.4430.212 Mobile Safari/537.36"

info: ::1 - - [10/Jun/2021:02:29:19 +0000] "GET /api/v1/incidents HTTP/1.1" 304 - "http://localhost:3000/" "Mozilla/5.0 (Linux; Android 6.0; Nexus 5 Build/MRA58N) AppleWebKit/537.36 (KHTML, like Gecko) Chrome/90.0.4430.212 Mobile Safari/537.36"

info: ::1 - - [10/Jun/2021:02:29:51 +0000] "GET /api/v1/incidents HTTP/1.1" 304 - "http://localhost:3000/" "Mozilla/5.0 (Linux; Android 6.0; Nexus 5 Build/MRA58N) AppleWebKit/537.36 (KHTML, like Gecko) Chrome/90.0.4430.212 Mobile Safari/537.36"

info: ::1 - - [10/Jun/2021:02:30:05 +0000] "GET /api/v1/incidents HTTP/1.1" 304 - "http://localhost:3000/" "Mozilla/5.0 (Linux; Android 6.0; Nexus 5 Build/MRA58N) AppleWebKit/537.36 (KHTML, like Gecko) Chrome/90.0.4430.212 Mobile Safari/537.36"

info: ::1 - - [10/Jun/2021:02:30:07 +0000] "GET /api/v1/incidents HTTP/1.1" 304 - "http://localhost:3000/" "Mozilla/5.0 (Linux; Android 6.0; Nexus 5 Build/MRA58N) AppleWebKit/537.36 (KHTML, like Gecko) Chrome/90.0.4430.212 Mobile Safari/537.36"

info: ::1 - - [10/Jun/2021:02:30:58 +0000] "GET /api/v1/incidents HTTP/1.1" 304 - "http://localhost:3000/" "Mozilla/5.0 (Linux; Android 6.0; Nexus 5 Build/MRA58N) AppleWebKit/537.36 (KHTML, like Gecko) Chrome/90.0.4430.212 Mobile Safari/537.36"

info: ::1 - - [10/Jun/2021:02:31:14 +0000] "GET /api/v1/incidents HTTP/1.1" 304 - "http://localhost:3000/" "Mozilla/5.0 (Linux; Android 6.0; Nexus 5 Build/MRA58N) AppleWebKit/537.36 (KHTML, like Gecko) Chrome/90.0.4430.212 Mobile Safari/537.36"

info: ::1 - - [10/Jun/2021:02:32:00 +0000] "GET /api/v1/incidents HTTP/1.1" 304 - "http://localhost:3000/" "Mozilla/5.0 (Linux; Android 6.0; Nexus 5 Build/MRA58N) AppleWebKit/537.36 (KHTML, like Gecko) Chrome/90.0.4430.212 Mobile Safari/537.36"

info: ::1 - - [10/Jun/2021:02:32:27 +0000] "GET /api/v1/incidents HTTP/1.1" 304 - "http://localhost:3000/" "Mozilla/5.0 (Linux; Android 6.0; Nexus 5 Build/MRA58N) AppleWebKit/537.36 (KHTML, like Gecko) Chrome/90.0.4430.212 Mobile Safari/537.36"

info: ::1 - - [10/Jun/2021:02:36:03 +0000] "GET /api/v1/incidents HTTP/1.1" 304 - "http://localhost:3000/" "Mozilla/5.0 (Linux; Android 6.0; Nexus 5 Build/MRA58N) AppleWebKit/537.36 (KHTML, like Gecko) Chrome/90.0.4430.212 Mobile Safari/537.36"

info: ::1 - - [10/Jun/2021:02:36:40 +0000] "GET /api/v1/incidents HTTP/1.1" 304 - "http://localhost:3000/" "Mozilla/5.0 (Linux; Android 6.0; Nexus 5 Build/MRA58N) AppleWebKit/537.36 (KHTML, like Gecko) Chrome/90.0.4430.212 Mobile Safari/537.36"

info: ::1 - - [10/Jun/2021:02:36:49 +0000] "GET /api/v1/incidents HTTP/1.1" 304 - "http://localhost:3000/" "Mozilla/5.0 (Linux; Android 6.0; Nexus 5 Build/MRA58N) AppleWebKit/537.36 (KHTML, like Gecko) Chrome/90.0.4430.212 Mobile Safari/537.36"

info: ::1 - - [10/Jun/2021:02:40:22 +0000] "GET /api/v1/incidents HTTP/1.1" 304 - "http://localhost:3000/" "Mozilla/5.0 (Linux; Android 6.0; Nexus 5 Build/MRA58N) AppleWebKit/537.36 (KHTML, like Gecko) Chrome/90.0.4430.212 Mobile Safari/537.36"

info: ::1 - - [10/Jun/2021:02:41:06 +0000] "GET /api/v1/incidents HTTP/1.1" 304 - "http://localhost:3000/" "Mozilla/5.0 (Linux; Android 6.0; Nexus 5 Build/MRA58N) AppleWebKit/537.36 (KHTML, like Gecko) Chrome/90.0.4430.212 Mobile Safari/537.36"

info: ::1 - - [10/Jun/2021:02:42:47 +0000] "GET /api/v1/incidents HTTP/1.1" 304 - "http://localhost:3000/" "Mozilla/5.0 (Linux; Android 6.0; Nexus 5 Build/MRA58N) AppleWebKit/537.36 (KHTML, like Gecko) Chrome/90.0.4430.212 Mobile Safari/537.36"

info: ::1 - - [10/Jun/2021:02:44:01 +0000] "GET /api/v1/incidents HTTP/1.1" 304 - "http://localhost:3000/" "Mozilla/5.0 (Linux; Android 6.0; Nexus 5 Build/MRA58N) AppleWebKit/537.36 (KHTML, like Gecko) Chrome/90.0.4430.212 Mobile Safari/537.36"

info: ::1 - - [10/Jun/2021:02:44:04 +0000] "GET /api/v1/incidents HTTP/1.1" 304 - "http://localhost:3000/" "Mozilla/5.0 (Linux; Android 6.0; Nexus 5 Build/MRA58N) AppleWebKit/537.36 (KHTML, like Gecko) Chrome/90.0.4430.212 Mobile Safari/537.36"

info: ::1 - - [10/Jun/2021:02:48:05 +0000] "GET /api/v1/incidents HTTP/1.1" 304 - "http://localhost:3000/" "Mozilla/5.0 (Linux; Android 6.0; Nexus 5 Build/MRA58N) AppleWebKit/537.36 (KHTML, like Gecko) Chrome/90.0.4430.212 Mobile Safari/537.36"

info: ::1 - - [10/Jun/2021:02:49:39 +0000] "GET /api/v1/incidents HTTP/1.1" 304 - "http://localhost:3000/" "Mozilla/5.0 (Linux; Android 6.0; Nexus 5 Build/MRA58N) AppleWebKit/537.36 (KHTML, like Gecko) Chrome/90.0.4430.212 Mobile Safari/537.36"

info: ::1 - - [10/Jun/2021:02:51:08 +0000] "GET /api/v1/incidents HTTP/1.1" 304 - "http://localhost:3000/" "Mozilla/5.0 (Linux; Android 6.0; Nexus 5 Build/MRA58N) AppleWebKit/537.36 (KHTML, like Gecko) Chrome/90.0.4430.212 Mobile Safari/537.36"

info: ::1 - - [10/Jun/2021:02:51:58 +0000] "GET /api/v1/incidents HTTP/1.1" 304 - "http://localhost:3000/" "Mozilla/5.0 (Linux; Android 6.0; Nexus 5 Build/MRA58N) AppleWebKit/537.36 (KHTML, like Gecko) Chrome/90.0.4430.212 Mobile Safari/537.36"

info: ::1 - - [10/Jun/2021:02:52:17 +0000] "POST /api/v1/incidents HTTP/1.1" 201 231 "http://localhost:3000/" "Mozilla/5.0 (Linux; Android 6.0; Nexus 5 Build/MRA58N) AppleWebKit/537.36 (KHTML, like Gecko) Chrome/90.0.4430.212 Mobile Safari/537.36"

info: ::1 - - [10/Jun/2021:02:52:19 +0000] "GET /api/v1/incidents HTTP/1.1" 200 429 "http://localhost:3000/" "Mozilla/5.0 (Linux; Android 6.0; Nexus 5 Build/MRA58N) AppleWebKit/537.36 (KHTML, like Gecko) Chrome/90.0.4430.212 Mobile Safari/537.36"

info: ::1 - - [10/Jun/2021:02:52:43 +0000] "GET /api/v1/incidents HTTP/1.1" 304 - "http://localhost:3000/" "Mozilla/5.0 (Linux; Android 6.0; Nexus 5 Build/MRA58N) AppleWebKit/537.36 (KHTML, like Gecko) Chrome/90.0.4430.212 Mobile Safari/537.36"

info: ::1 - - [10/Jun/2021:02:56:15 +0000] "GET /api/v1/incidents HTTP/1.1" 304 - "http://localhost:3000/" "Mozilla/5.0 (Linux; Android 6.0; Nexus 5 Build/MRA58N) AppleWebKit/537.36 (KHTML, like Gecko) Chrome/90.0.4430.212 Mobile Safari/537.36"

info: ::1 - - [10/Jun/2021:02:58:08 +0000] "GET /api/v1/incidents HTTP/1.1" 304 - "http://localhost:3000/" "Mozilla/5.0 (Linux; Android 6.0; Nexus 5 Build/MRA58N) AppleWebKit/537.36 (KHTML, like Gecko) Chrome/90.0.4430.212 Mobile Safari/537.36"

info: ::1 - - [10/Jun/2021:02:59:34 +0000] "GET /api/v1/incidents HTTP/1.1" 304 - "http://localhost:3000/" "Mozilla/5.0 (Linux; Android 6.0; Nexus 5 Build/MRA58N) AppleWebKit/537.36 (KHTML, like Gecko) Chrome/90.0.4430.212 Mobile Safari/537.36"

info: ::1 - - [10/Jun/2021:03:01:00 +0000] "GET /api/v1/incidents HTTP/1.1" 304 - "http://localhost:3000/" "Mozilla/5.0 (Linux; Android 6.0; Nexus 5 Build/MRA58N) AppleWebKit/537.36 (KHTML, like Gecko) Chrome/90.0.4430.212 Mobile Safari/537.36"

info: ::1 - - [10/Jun/2021:03:03:42 +0000] "GET /api/v1/incidents HTTP/1.1" 304 - "http://localhost:3000/" "Mozilla/5.0 (Linux; Android 6.0; Nexus 5 Build/MRA58N) AppleWebKit/537.36 (KHTML, like Gecko) Chrome/90.0.4430.212 Mobile Safari/537.36"

info: ::1 - - [10/Jun/2021:03:04:09 +0000] "GET /api/v1/incidents HTTP/1.1" 304 - "http://localhost:3000/" "Mozilla/5.0 (Linux; Android 6.0; Nexus 5 Build/MRA58N) AppleWebKit/537.36 (KHTML, like Gecko) Chrome/90.0.4430.212 Mobile Safari/537.36"

info: ::1 - - [10/Jun/2021:03:05:19 +0000] "GET /api/v1/incidents HTTP/1.1" 304 - "http://localhost:3000/" "Mozilla/5.0 (Windows NT 10.0; Win64; x64) AppleWebKit/537.36 (KHTML, like Gecko) Chrome/90.0.4430.212 Safari/537.36 OPR/76.0.4017.177"

info: ::1 - - [10/Jun/2021:03:07:05 +0000] "GET /api/v1/incidents HTTP/1.1" 304 - "http://localhost:3000/" "Mozilla/5.0 (Windows NT 10.0; Win64; x64) AppleWebKit/537.36 (KHTML, like Gecko) Chrome/90.0.4430.212 Safari/537.36 OPR/76.0.4017.177"

info: ::1 - - [10/Jun/2021:03:07:51 +0000] "GET /api/v1/incidents HTTP/1.1" 304 - "http://localhost:3000/" "Mozilla/5.0 (Linux; Android 6.0; Nexus 5 Build/MRA58N) AppleWebKit/537.36 (KHTML, like Gecko) Chrome/90.0.4430.212 Mobile Safari/537.36"

info: ::1 - - [10/Jun/2021:03:08:51 +0000] "GET /api/v1/incidents HTTP/1.1" 304 - "http://localhost:3000/" "Mozilla/5.0 (Linux; Android 6.0; Nexus 5 Build/MRA58N) AppleWebKit/537.36 (KHTML, like Gecko) Chrome/90.0.4430.212 Mobile Safari/537.36"

info: ::1 - - [10/Jun/2021:03:09:32 +0000] "GET /api/v1/incidents HTTP/1.1" 304 - "http://localhost:3000/" "Mozilla/5.0 (Linux; Android 6.0; Nexus 5 Build/MRA58N) AppleWebKit/537.36 (KHTML, like Gecko) Chrome/90.0.4430.212 Mobile Safari/537.36"

info: ::1 - - [10/Jun/2021:03:10:09 +0000] "GET /api/v1/incidents HTTP/1.1" 304 - "http://localhost:3000/" "Mozilla/5.0 (Linux; Android 6.0; Nexus 5 Build/MRA58N) AppleWebKit/537.36 (KHTML, like Gecko) Chrome/90.0.4430.212 Mobile Safari/537.36"

info: ::1 - - [10/Jun/2021:03:10:19 +0000] "GET /api/v1/incidents HTTP/1.1" 304 - "http://localhost:3000/" "Mozilla/5.0 (Linux; Android 6.0; Nexus 5 Build/MRA58N) AppleWebKit/537.36 (KHTML, like Gecko) Chrome/90.0.4430.212 Mobile Safari/537.36"

info: ::1 - - [10/Jun/2021:03:17:52 +0000] "GET /api/v1/incidents HTTP/1.1" 304 - "http://localhost:3000/" "Mozilla/5.0 (Linux; Android 6.0; Nexus 5 Build/MRA58N) AppleWebKit/537.36 (KHTML, like Gecko) Chrome/90.0.4430.212 Mobile Safari/537.36"

info: ::1 - - [10/Jun/2021:03:18:19 +0000] "GET /api/v1/incidents HTTP/1.1" 304 - "http://localhost:3000/" "Mozilla/5.0 (Linux; Android 6.0; Nexus 5 Build/MRA58N) AppleWebKit/537.36 (KHTML, like Gecko) Chrome/90.0.4430.212 Mobile Safari/537.36"

info: ::1 - - [10/Jun/2021:03:19:40 +0000] "GET /api/v1/incidents HTTP/1.1" 304 - "http://localhost:3000/" "Mozilla/5.0 (Linux; Android 6.0; Nexus 5 Build/MRA58N) AppleWebKit/537.36 (KHTML, like Gecko) Chrome/90.0.4430.212 Mobile Safari/537.36"

info: ::1 - - [10/Jun/2021:03:19:57 +0000] "GET /api/v1/incidents HTTP/1.1" 304 - "http://localhost:3000/" "Mozilla/5.0 (Linux; Android 6.0; Nexus 5 Build/MRA58N) AppleWebKit/537.36 (KHTML, like Gecko) Chrome/90.0.4430.212 Mobile Safari/537.36"

info: ::1 - - [10/Jun/2021:03:20:12 +0000] "GET /api/v1/incidents HTTP/1.1" 304 - "http://localhost:3000/" "Mozilla/5.0 (Linux; Android 6.0; Nexus 5 Build/MRA58N) AppleWebKit/537.36 (KHTML, like Gecko) Chrome/90.0.4430.212 Mobile Safari/537.36"

info: ::1 - - [10/Jun/2021:03:22:02 +0000] "GET /api/v1/incidents HTTP/1.1" 304 - "http://localhost:3000/" "Mozilla/5.0 (Linux; Android 6.0; Nexus 5 Build/MRA58N) AppleWebKit/537.36 (KHTML, like Gecko) Chrome/90.0.4430.212 Mobile Safari/537.36"

info: ::1 - - [10/Jun/2021:03:22:05 +0000] "GET /api/v1/incidents HTTP/1.1" 304 - "http://localhost:3000/" "Mozilla/5.0 (Linux; Android 6.0; Nexus 5 Build/MRA58N) AppleWebKit/537.36 (KHTML, like Gecko) Chrome/90.0.4430.212 Mobile Safari/537.36"

info: ::1 - - [10/Jun/2021:03:23:09 +0000] "GET /api/v1/incidents HTTP/1.1" 304 - "http://localhost:3000/" "Mozilla/5.0 (Linux; Android 6.0; Nexus 5 Build/MRA58N) AppleWebKit/537.36 (KHTML, like Gecko) Chrome/90.0.4430.212 Mobile Safari/537.36"

info: ::1 - - [10/Jun/2021:03:25:21 +0000] "GET /api/v1/incidents HTTP/1.1" 304 - "http://localhost:3000/" "Mozilla/5.0 (Linux; Android 6.0; Nexus 5 Build/MRA58N) AppleWebKit/537.36 (KHTML, like Gecko) Chrome/90.0.4430.212 Mobile Safari/537.36"

info: ::1 - - [10/Jun/2021:03:25:26 +0000] "PUT /api/v1/incidents/4 HTTP/1.1" 404 47 "http://localhost:3000/" "Mozilla/5.0 (Linux; Android 6.0; Nexus 5 Build/MRA58N) AppleWebKit/537.36 (KHTML, like Gecko) Chrome/90.0.4430.212 Mobile Safari/537.36"

info: ::1 - - [10/Jun/2021:03:25:56 +0000] "PUT /api/v1/incidents/4 HTTP/1.1" 404 47 "http://localhost:3000/" "Mozilla/5.0 (Linux; Android 6.0; Nexus 5 Build/MRA58N) AppleWebKit/537.36 (KHTML, like Gecko) Chrome/90.0.4430.212 Mobile Safari/537.36"

info: ::1 - - [10/Jun/2021:03:26:02 +0000] "GET /api/v1/incidents HTTP/1.1" 304 - "http://localhost:3000/" "Mozilla/5.0 (Linux; Android 6.0; Nexus 5 Build/MRA58N) AppleWebKit/537.36 (KHTML, like Gecko) Chrome/90.0.4430.212 Mobile Safari/537.36"

info: ::1 - - [10/Jun/2021:03:26:04 +0000] "PUT /api/v1/incidents/4 HTTP/1.1" 404 47 "http://localhost:3000/" "Mozilla/5.0 (Linux; Android 6.0; Nexus 5 Build/MRA58N) AppleWebKit/537.36 (KHTML, like Gecko) Chrome/90.0.4430.212 Mobile Safari/537.36"

info: ::1 - - [10/Jun/2021:03:27:34 +0000] "GET /api/v1/incidents HTTP/1.1" 304 - "http://localhost:3000/" "Mozilla/5.0 (Linux; Android 6.0; Nexus 5 Build/MRA58N) AppleWebKit/537.36 (KHTML, like Gecko) Chrome/90.0.4430.212 Mobile Safari/537.36"

info: ::1 - - [10/Jun/2021:03:27:36 +0000] "PUT /api/v1/incidents/4 HTTP/1.1" 404 47 "http://localhost:3000/" "Mozilla/5.0 (Linux; Android 6.0; Nexus 5 Build/MRA58N) AppleWebKit/537.36 (KHTML, like Gecko) Chrome/90.0.4430.212 Mobile Safari/537.36"

info: ::ffff:127.0.0.1 - - [10/Jun/2021:03:30:00 +0000] "GET /api/v1/incidents HTTP/1.1" 304 - "http://localhost:3000/" "Mozilla/5.0 (Linux; Android 6.0; Nexus 5 Build/MRA58N) AppleWebKit/537.36 (KHTML, like Gecko) Chrome/90.0.4430.212 Mobile Safari/537.36"

info: ::ffff:127.0.0.1 - - [10/Jun/2021:03:30:04 +0000] "GET /api/v1/incidents HTTP/1.1" 304 - "http://localhost:3000/" "Mozilla/5.0 (Linux; Android 6.0; Nexus 5 Build/MRA58N) AppleWebKit/537.36 (KHTML, like Gecko) Chrome/90.0.4430.212 Mobile Safari/537.36"

info: ::ffff:127.0.0.1 - - [10/Jun/2021:03:30:06 +0000] "PUT /api/v1/incidents/4 HTTP/1.1" 404 47 "http://localhost:3000/" "Mozilla/5.0 (Linux; Android 6.0; Nexus 5 Build/MRA58N) AppleWebKit/537.36 (KHTML, like Gecko) Chrome/90.0.4430.212 Mobile Safari/537.36"

info: ::1 - - [10/Jun/2021:03:31:50 +0000] "GET /api/v1/incidents HTTP/1.1" 304 - "http://localhost:3000/" "Mozilla/5.0 (Linux; Android 6.0; Nexus 5 Build/MRA58N) AppleWebKit/537.36 (KHTML, like Gecko) Chrome/90.0.4430.212 Mobile Safari/537.36"

info: ::1 - - [10/Jun/2021:03:32:05 +0000] "GET /api/v1/incidents HTTP/1.1" 304 - "http://localhost:3000/" "Mozilla/5.0 (Linux; Android 6.0; Nexus 5 Build/MRA58N) AppleWebKit/537.36 (KHTML, like Gecko) Chrome/90.0.4430.212 Mobile Safari/537.36"

info: ::1 - - [10/Jun/2021:03:32:07 +0000] "PUT /api/v1/incidents HTTP/1.1" 404 47 "http://localhost:3000/" "Mozilla/5.0 (Linux; Android 6.0; Nexus 5 Build/MRA58N) AppleWebKit/537.36 (KHTML, like Gecko) Chrome/90.0.4430.212 Mobile Safari/537.36"

info: ::1 - - [10/Jun/2021:03:34:15 +0000] "GET /api/v1/incidents HTTP/1.1" 304 - "http://localhost:3000/" "Mozilla/5.0 (Linux; Android 6.0; Nexus 5 Build/MRA58N) AppleWebKit/537.36 (KHTML, like Gecko) Chrome/90.0.4430.212 Mobile Safari/537.36"

info: ::1 - - [10/Jun/2021:03:34:18 +0000] "PUT /api/v1/incidents/4 HTTP/1.1" 202 245 "http://localhost:3000/" "Mozilla/5.0 (Linux; Android 6.0; Nexus 5 Build/MRA58N) AppleWebKit/537.36 (KHTML, like Gecko) Chrome/90.0.4430.212 Mobile Safari/537.36"

info: ::1 - - [10/Jun/2021:03:34:30 +0000] "PUT /api/v1/incidents/4 HTTP/1.1" 202 244 "http://localhost:3000/" "Mozilla/5.0 (Linux; Android 6.0; Nexus 5 Build/MRA58N) AppleWebKit/537.36 (KHTML, like Gecko) Chrome/90.0.4430.212 Mobile Safari/537.36"

info: ::1 - - [10/Jun/2021:03:34:34 +0000] "GET /api/v1/incidents HTTP/1.1" 200 428 "http://localhost:3000/" "Mozilla/5.0 (Linux; Android 6.0; Nexus 5 Build/MRA58N) AppleWebKit/537.36 (KHTML, like Gecko) Chrome/90.0.4430.212 Mobile Safari/537.36"

info: ::1 - - [10/Jun/2021:03:35:09 +0000] "GET /api/v1/incidents HTTP/1.1" 304 - "http://localhost:3000/" "Mozilla/5.0 (Linux; Android 6.0; Nexus 5 Build/MRA58N) AppleWebKit/537.36 (KHTML, like Gecko) Chrome/90.0.4430.212 Mobile Safari/537.36"

info: ::1 - - [10/Jun/2021:03:35:14 +0000] "PUT /api/v1/incidents/4 HTTP/1.1" 202 244 "http://localhost:3000/" "Mozilla/5.0 (Linux; Android 6.0; Nexus 5 Build/MRA58N) AppleWebKit/537.36 (KHTML, like Gecko) Chrome/90.0.4430.212 Mobile Safari/537.36"

info: ::1 - - [10/Jun/2021:03:35:18 +0000] "GET /api/v1/incidents HTTP/1.1" 200 428 "http://localhost:3000/" "Mozilla/5.0 (Linux; Android 6.0; Nexus 5 Build/MRA58N) AppleWebKit/537.36 (KHTML, like Gecko) Chrome/90.0.4430.212 Mobile Safari/537.36"

info: ::1 - - [10/Jun/2021:03:35:20 +0000] "PUT /api/v1/incidents/4 HTTP/1.1" 202 244 "http://localhost:3000/" "Mozilla/5.0 (Linux; Android 6.0; Nexus 5 Build/MRA58N) AppleWebKit/537.36 (KHTML, like Gecko) Chrome/90.0.4430.212 Mobile Safari/537.36"

info: ::1 - - [10/Jun/2021:03:40:45 +0000] "GET /api/v1/incidents HTTP/1.1" 200 428 "http://localhost:3000/" "Mozilla/5.0 (Linux; Android 6.0; Nexus 5 Build/MRA58N) AppleWebKit/537.36 (KHTML, like Gecko) Chrome/90.0.4430.212 Mobile Safari/537.36"

info: ::1 - - [10/Jun/2021:03:41:10 +0000] "GET /api/v1/incidents HTTP/1.1" 304 - "http://localhost:3000/" "Mozilla/5.0 (Linux; Android 6.0; Nexus 5 Build/MRA58N) AppleWebKit/537.36 (KHTML, like Gecko) Chrome/90.0.4430.212 Mobile Safari/537.36"

info: ::1 - - [10/Jun/2021:03:42:23 +0000] "GET /api/v1/incidents HTTP/1.1" 304 - "http://localhost:3000/" "Mozilla/5.0 (Linux; Android 6.0; Nexus 5 Build/MRA58N) AppleWebKit/537.36 (KHTML, like Gecko) Chrome/90.0.4430.212 Mobile Safari/537.36"

info: ::1 - - [10/Jun/2021:03:42:24 +0000] "DELETE /api/v1/incidents/4 HTTP/1.1" 200 64 "http://localhost:3000/" "Mozilla/5.0 (Linux; Android 6.0; Nexus 5 Build/MRA58N) AppleWebKit/537.36 (KHTML, like Gecko) Chrome/90.0.4430.212 Mobile Safari/537.36"

info: ::1 - - [10/Jun/2021:03:42:35 +0000] "GET /api/v1/incidents HTTP/1.1" 200 245 "http://localhost:3000/" "Mozilla/5.0 (Linux; Android 6.0; Nexus 5 Build/MRA58N) AppleWebKit/537.36 (KHTML, like Gecko) Chrome/90.0.4430.212 Mobile Safari/537.36"

info: ::1 - - [10/Jun/2021:03:43:06 +0000] "GET /api/v1/incidents HTTP/1.1" 304 - "http://localhost:3000/" "Mozilla/5.0 (Linux; Android 6.0; Nexus 5 Build/MRA58N) AppleWebKit/537.36 (KHTML, like Gecko) Chrome/90.0.4430.212 Mobile Safari/537.36"

info: ::1 - - [10/Jun/2021:03:43:11 +0000] "GET /api/v1/incidents HTTP/1.1" 304 - "http://localhost:3000/" "Mozilla/5.0 (Linux; Android 6.0; Nexus 5 Build/MRA58N) AppleWebKit/537.36 (KHTML, like Gecko) Chrome/90.0.4430.212 Mobile Safari/537.36"

info: ::1 - - [10/Jun/2021:03:43:33 +0000] "GET /api/v1/incidents HTTP/1.1" 304 - "http://localhost:3000/" "Mozilla/5.0 (Linux; Android 6.0; Nexus 5 Build/MRA58N) AppleWebKit/537.36 (KHTML, like Gecko) Chrome/90.0.4430.212 Mobile Safari/537.36"

info: ::1 - - [10/Jun/2021:03:43:41 +0000] "DELETE /api/v1/incidents/3 HTTP/1.1" 200 64 "http://localhost:3000/" "Mozilla/5.0 (Linux; Android 6.0; Nexus 5 Build/MRA58N) AppleWebKit/537.36 (KHTML, like Gecko) Chrome/90.0.4430.212 Mobile Safari/537.36"

info: ::1 - - [10/Jun/2021:03:43:45 +0000] "GET /api/v1/incidents HTTP/1.1" 200 65 "http://localhost:3000/" "Mozilla/5.0 (Linux; Android 6.0; Nexus 5 Build/MRA58N) AppleWebKit/537.36 (KHTML, like Gecko) Chrome/90.0.4430.212 Mobile Safari/537.36"

info: ::1 - - [10/Jun/2021:03:43:50 +0000] "POST /api/v1/incidents HTTP/1.1" 201 228 "http://localhost:3000/" "Mozilla/5.0 (Linux; Android 6.0; Nexus 5 Build/MRA58N) AppleWebKit/537.36 (KHTML, like Gecko) Chrome/90.0.4430.212 Mobile Safari/537.36"

info: ::1 - - [10/Jun/2021:03:43:52 +0000] "GET /api/v1/incidents HTTP/1.1" 200 245 "http://localhost:3000/" "Mozilla/5.0 (Linux; Android 6.0; Nexus 5 Build/MRA58N) AppleWebKit/537.36 (KHTML, like Gecko) Chrome/90.0.4430.212 Mobile Safari/537.36"

info: ::1 - - [10/Jun/2021:04:09:52 +0000] "GET /api/v1/incidents HTTP/1.1" 304 - "http://localhost:3000/" "Mozilla/5.0 (Windows NT 10.0; Win64; x64) AppleWebKit/537.36 (KHTML, like Gecko) Chrome/90.0.4430.212 Safari/537.36 OPR/76.0.4017.177"

info: ::1 - - [10/Jun/2021:04:10:29 +0000] "GET /api/v1/incidents HTTP/1.1" 304 - "http://localhost:3000/" "Mozilla/5.0 (Windows NT 10.0; Win64; x64) AppleWebKit/537.36 (KHTML, like Gecko) Chrome/90.0.4430.212 Safari/537.36 OPR/76.0.4017.177"

info: ::1 - - [10/Jun/2021:04:10:29 +0000] "GET /api/v1/incidents HTTP/1.1" 304 - "http://localhost:3000/" "Mozilla/5.0 (Windows NT 10.0; Win64; x64) AppleWebKit/537.36 (KHTML, like Gecko) Chrome/90.0.4430.212 Safari/537.36 OPR/76.0.4017.177"

info: ::1 - - [10/Jun/2021:04:11:34 +0000] "GET /api/v1/incidents HTTP/1.1" 304 - "http://localhost:3000/" "Mozilla/5.0 (Windows NT 10.0; Win64; x64) AppleWebKit/537.36 (KHTML, like Gecko) Chrome/90.0.4430.212 Safari/537.36 OPR/76.0.4017.177"

info: ::1 - - [10/Jun/2021:04:11:36 +0000] "GET /api/v1/incidents HTTP/1.1" 304 - "http://localhost:3000/" "Mozilla/5.0 (Windows NT 10.0; Win64; x64) AppleWebKit/537.36 (KHTML, like Gecko) Chrome/90.0.4430.212 Safari/537.36 OPR/76.0.4017.177"

info: ::1 - - [10/Jun/2021:04:13:11 +0000] "GET /api/v1/incidents HTTP/1.1" 304 - "http://localhost:3000/" "Mozilla/5.0 (Windows NT 10.0; Win64; x64) AppleWebKit/537.36 (KHTML, like Gecko) Chrome/90.0.4430.212 Safari/537.36 OPR/76.0.4017.177"

info: ::1 - - [10/Jun/2021:04:14:34 +0000] "PUT /api/v1/incidents/5 HTTP/1.1" 202 242 "http://localhost:3000/" "Mozilla/5.0 (Linux; Android 6.0; Nexus 5 Build/MRA58N) AppleWebKit/537.36 (KHTML, like Gecko) Chrome/90.0.4430.212 Mobile Safari/537.36"

info: ::1 - - [10/Jun/2021:04:14:40 +0000] "GET /api/v1/incidents HTTP/1.1" 200 245 "http://localhost:3000/" "Mozilla/5.0 (Linux; Android 6.0; Nexus 5 Build/MRA58N) AppleWebKit/537.36 (KHTML, like Gecko) Chrome/90.0.4430.212 Mobile Safari/537.36"

info: ::1 - - [10/Jun/2021:04:14:42 +0000] "PUT /api/v1/incidents/5 HTTP/1.1" 202 242 "http://localhost:3000/" "Mozilla/5.0 (Linux; Android 6.0; Nexus 5 Build/MRA58N) AppleWebKit/537.36 (KHTML, like Gecko) Chrome/90.0.4430.212 Mobile Safari/537.36"

info: ::1 - - [10/Jun/2021:04:16:27 +0000] "GET /api/v1/incidents HTTP/1.1" 200 245 "http://localhost:3000/" "Mozilla/5.0 (Linux; Android 6.0; Nexus 5 Build/MRA58N) AppleWebKit/537.36 (KHTML, like Gecko) Chrome/90.0.4430.212 Mobile Safari/537.36"

info: ::1 - - [10/Jun/2021:04:16:56 +0000] "PUT /api/v1/incidents/5 HTTP/1.1" 202 244 "http://localhost:3000/" "Mozilla/5.0 (Linux; Android 6.0; Nexus 5 Build/MRA58N) AppleWebKit/537.36 (KHTML, like Gecko) Chrome/90.0.4430.212 Mobile Safari/537.36"

info: ::1 - - [10/Jun/2021:04:17:03 +0000] "GET /api/v1/incidents HTTP/1.1" 200 247 "http://localhost:3000/" "Mozilla/5.0 (Linux; Android 6.0; Nexus 5 Build/MRA58N) AppleWebKit/537.36 (KHTML, like Gecko) Chrome/90.0.4430.212 Mobile Safari/537.36"

info: ::1 - - [10/Jun/2021:04:17:52 +0000] "PUT /api/v1/incidents/5 HTTP/1.1" 202 243 "http://localhost:3000/" "Mozilla/5.0 (Linux; Android 6.0; Nexus 5 Build/MRA58N) AppleWebKit/537.36 (KHTML, like Gecko) Chrome/90.0.4430.212 Mobile Safari/537.36"

info: ::1 - - [10/Jun/2021:04:19:05 +0000] "PUT /api/v1/incidents/5 HTTP/1.1" 202 242 "http://localhost:3000/" "Mozilla/5.0 (Linux; Android 6.0; Nexus 5 Build/MRA58N) AppleWebKit/537.36 (KHTML, like Gecko) Chrome/90.0.4430.212 Mobile Safari/537.36"

info: ::1 - - [10/Jun/2021:04:19:51 +0000] "GET /api/v1/incidents HTTP/1.1" 200 245 "http://localhost:3000/" "Mozilla/5.0 (Linux; Android 6.0; Nexus 5 Build/MRA58N) AppleWebKit/537.36 (KHTML, like Gecko) Chrome/90.0.4430.212 Mobile Safari/537.36"

info: ::1 - - [10/Jun/2021:04:20:06 +0000] "PUT /api/v1/incidents/5 HTTP/1.1" 202 243 "http://localhost:3000/" "Mozilla/5.0 (Linux; Android 6.0; Nexus 5 Build/MRA58N) AppleWebKit/537.36 (KHTML, like Gecko) Chrome/90.0.4430.212 Mobile Safari/537.36"

info: ::1 - - [10/Jun/2021:04:20:38 +0000] "GET /api/v1/incidents HTTP/1.1" 200 246 "http://localhost:3000/" "Mozilla/5.0 (Linux; Android 6.0; Nexus 5 Build/MRA58N) AppleWebKit/537.36 (KHTML, like Gecko) Chrome/90.0.4430.212 Mobile Safari/537.36"

info: ::1 - - [10/Jun/2021:04:20:43 +0000] "GET /api/v1/incidents HTTP/1.1" 304 - "http://localhost:3000/" "Mozilla/5.0 (Linux; Android 6.0; Nexus 5 Build/MRA58N) AppleWebKit/537.36 (KHTML, like Gecko) Chrome/90.0.4430.212 Mobile Safari/537.36"

info: ::1 - - [10/Jun/2021:04:20:50 +0000] "PUT /api/v1/incidents/5 HTTP/1.1" 202 244 "http://localhost:3000/" "Mozilla/5.0 (Linux; Android 6.0; Nexus 5 Build/MRA58N) AppleWebKit/537.36 (KHTML, like Gecko) Chrome/90.0.4430.212 Mobile Safari/537.36"

info: ::1 - - [10/Jun/2021:04:23:39 +0000] "GET /api/v1/incidents HTTP/1.1" 200 247 "http://localhost:3000/" "Mozilla/5.0 (Linux; Android 6.0; Nexus 5 Build/MRA58N) AppleWebKit/537.36 (KHTML, like Gecko) Chrome/90.0.4430.212 Mobile Safari/537.36"

info: ::1 - - [10/Jun/2021:04:23:50 +0000] "GET /api/v1/incidents HTTP/1.1" 304 - "http://localhost:3000/" "Mozilla/5.0 (Linux; Android 6.0; Nexus 5 Build/MRA58N) AppleWebKit/537.36 (KHTML, like Gecko) Chrome/90.0.4430.212 Mobile Safari/537.36"

info: ::1 - - [10/Jun/2021:04:23:54 +0000] "PUT /api/v1/incidents/5 HTTP/1.1" 202 244 "http://localhost:3000/" "Mozilla/5.0 (Linux; Android 6.0; Nexus 5 Build/MRA58N) AppleWebKit/537.36 (KHTML, like Gecko) Chrome/90.0.4430.212 Mobile Safari/537.36"

info: ::1 - - [10/Jun/2021:04:24:02 +0000] "GET /api/v1/incidents HTTP/1.1" 200 247 "http://localhost:3000/" "Mozilla/5.0 (Linux; Android 6.0; Nexus 5 Build/MRA58N) AppleWebKit/537.36 (KHTML, like Gecko) Chrome/90.0.4430.212 Mobile Safari/537.36"

info: ::1 - - [10/Jun/2021:04:24:08 +0000] "PUT /api/v1/incidents/5 HTTP/1.1" 202 243 "http://localhost:3000/" "Mozilla/5.0 (Linux; Android 6.0; Nexus 5 Build/MRA58N) AppleWebKit/537.36 (KHTML, like Gecko) Chrome/90.0.4430.212 Mobile Safari/537.36"

info: ::1 - - [10/Jun/2021:04:24:43 +0000] "GET /api/v1/incidents HTTP/1.1" 200 246 "http://localhost:3000/" "Mozilla/5.0 (Linux; Android 6.0; Nexus 5 Build/MRA58N) AppleWebKit/537.36 (KHTML, like Gecko) Chrome/90.0.4430.212 Mobile Safari/537.36"

info: ::1 - - [10/Jun/2021:04:24:46 +0000] "GET /api/v1/incidents HTTP/1.1" 304 - "http://localhost:3000/" "Mozilla/5.0 (Linux; Android 6.0; Nexus 5 Build/MRA58N) AppleWebKit/537.36 (KHTML, like Gecko) Chrome/90.0.4430.212 Mobile Safari/537.36"

info: ::1 - - [10/Jun/2021:04:24:50 +0000] "PUT /api/v1/incidents/5 HTTP/1.1" 202 244 "http://localhost:3000/" "Mozilla/5.0 (Linux; Android 6.0; Nexus 5 Build/MRA58N) AppleWebKit/537.36 (KHTML, like Gecko) Chrome/90.0.4430.212 Mobile Safari/537.36"

info: ::1 - - [10/Jun/2021:04:25:08 +0000] "GET /api/v1/incidents HTTP/1.1" 200 247 "http://localhost:3000/" "Mozilla/5.0 (Linux; Android 6.0; Nexus 5 Build/MRA58N) AppleWebKit/537.36 (KHTML, like Gecko) Chrome/90.0.4430.212 Mobile Safari/537.36"

info: ::1 - - [10/Jun/2021:04:25:12 +0000] "GET /api/v1/incidents HTTP/1.1" 304 - "http://localhost:3000/" "Mozilla/5.0 (Linux; Android 6.0; Nexus 5 Build/MRA58N) AppleWebKit/537.36 (KHTML, like Gecko) Chrome/90.0.4430.212 Mobile Safari/537.36"

info: ::1 - - [10/Jun/2021:04:25:37 +0000] "GET /api/v1/incidents HTTP/1.1" 304 - "http://localhost:3000/" "Mozilla/5.0 (Linux; Android 6.0; Nexus 5 Build/MRA58N) AppleWebKit/537.36 (KHTML, like Gecko) Chrome/90.0.4430.212 Mobile Safari/537.36"

info: ::1 - - [10/Jun/2021:04:25:43 +0000] "PUT /api/v1/incidents/5 HTTP/1.1" 202 243 "http://localhost:3000/" "Mozilla/5.0 (Linux; Android 6.0; Nexus 5 Build/MRA58N) AppleWebKit/537.36 (KHTML, like Gecko) Chrome/90.0.4430.212 Mobile Safari/537.36"

info: ::1 - - [10/Jun/2021:04:26:16 +0000] "GET /api/v1/incidents HTTP/1.1" 200 246 "http://localhost:3000/" "Mozilla/5.0 (Linux; Android 6.0; Nexus 5 Build/MRA58N) AppleWebKit/537.36 (KHTML, like Gecko) Chrome/90.0.4430.212 Mobile Safari/537.36"

info: ::1 - - [10/Jun/2021:04:26:20 +0000] "PUT /api/v1/incidents/5 HTTP/1.1" 202 244 "http://localhost:3000/" "Mozilla/5.0 (Linux; Android 6.0; Nexus 5 Build/MRA58N) AppleWebKit/537.36 (KHTML, like Gecko) Chrome/90.0.4430.212 Mobile Safari/537.36"

info: ::1 - - [10/Jun/2021:04:26:32 +0000] "GET /api/v1/incidents HTTP/1.1" 200 247 "http://localhost:3000/" "Mozilla/5.0 (Linux; Android 6.0; Nexus 5 Build/MRA58N) AppleWebKit/537.36 (KHTML, like Gecko) Chrome/90.0.4430.212 Mobile Safari/537.36"

info: ::1 - - [10/Jun/2021:04:26:35 +0000] "PUT /api/v1/incidents/5 HTTP/1.1" 202 243 "http://localhost:3000/" "Mozilla/5.0 (Linux; Android 6.0; Nexus 5 Build/MRA58N) AppleWebKit/537.36 (KHTML, like Gecko) Chrome/90.0.4430.212 Mobile Safari/537.36"

info: ::1 - - [10/Jun/2021:04:26:45 +0000] "GET /api/v1/incidents HTTP/1.1" 200 246 "http://localhost:3000/" "Mozilla/5.0 (Linux; Android 6.0; Nexus 5 Build/MRA58N) AppleWebKit/537.36 (KHTML, like Gecko) Chrome/90.0.4430.212 Mobile Safari/537.36"

info: ::1 - - [10/Jun/2021:04:26:47 +0000] "PUT /api/v1/incidents/5 HTTP/1.1" 202 244 "http://localhost:3000/" "Mozilla/5.0 (Linux; Android 6.0; Nexus 5 Build/MRA58N) AppleWebKit/537.36 (KHTML, like Gecko) Chrome/90.0.4430.212 Mobile Safari/537.36"

info: ::1 - - [10/Jun/2021:04:27:02 +0000] "GET /api/v1/incidents HTTP/1.1" 200 247 "http://localhost:3000/" "Mozilla/5.0 (Linux; Android 6.0; Nexus 5 Build/MRA58N) AppleWebKit/537.36 (KHTML, like Gecko) Chrome/90.0.4430.212 Mobile Safari/537.36"

info: ::1 - - [10/Jun/2021:04:27:05 +0000] "PUT /api/v1/incidents/5 HTTP/1.1" 202 243 "http://localhost:3000/" "Mozilla/5.0 (Linux; Android 6.0; Nexus 5 Build/MRA58N) AppleWebKit/537.36 (KHTML, like Gecko) Chrome/90.0.4430.212 Mobile Safari/537.36"

info: ::1 - - [10/Jun/2021:04:27:12 +0000] "GET /api/v1/incidents HTTP/1.1" 200 246 "http://localhost:3000/" "Mozilla/5.0 (Linux; Android 6.0; Nexus 5 Build/MRA58N) AppleWebKit/537.36 (KHTML, like Gecko) Chrome/90.0.4430.212 Mobile Safari/537.36"

info: ::1 - - [10/Jun/2021:04:27:16 +0000] "PUT /api/v1/incidents/5 HTTP/1.1" 202 244 "http://localhost:3000/" "Mozilla/5.0 (Linux; Android 6.0; Nexus 5 Build/MRA58N) AppleWebKit/537.36 (KHTML, like Gecko) Chrome/90.0.4430.212 Mobile Safari/537.36"

info: ::1 - - [10/Jun/2021:04:27:43 +0000] "GET /api/v1/incidents HTTP/1.1" 200 247 "http://localhost:3000/" "Mozilla/5.0 (Linux; Android 6.0; Nexus 5 Build/MRA58N) AppleWebKit/537.36 (KHTML, like Gecko) Chrome/90.0.4430.212 Mobile Safari/537.36"

info: ::1 - - [10/Jun/2021:04:27:48 +0000] "PUT /api/v1/incidents/5 HTTP/1.1" 202 242 "http://localhost:3000/" "Mozilla/5.0 (Linux; Android 6.0; Nexus 5 Build/MRA58N) AppleWebKit/537.36 (KHTML, like Gecko) Chrome/90.0.4430.212 Mobile Safari/537.36"

info: ::1 - - [10/Jun/2021:04:28:15 +0000] "POST /api/v1/incidents HTTP/1.1" 201 267 "http://localhost:3000/" "Mozilla/5.0 (Linux; Android 6.0; Nexus 5 Build/MRA58N) AppleWebKit/537.36 (KHTML, like Gecko) Chrome/90.0.4430.212 Mobile Safari/537.36"

info: ::1 - - [10/Jun/2021:04:28:16 +0000] "GET /api/v1/incidents HTTP/1.1" 200 465 "http://localhost:3000/" "Mozilla/5.0 (Linux; Android 6.0; Nexus 5 Build/MRA58N) AppleWebKit/537.36 (KHTML, like Gecko) Chrome/90.0.4430.212 Mobile Safari/537.36"

info: ::1 - - [10/Jun/2021:04:28:29 +0000] "PUT /api/v1/incidents/6 HTTP/1.1" 202 297 "http://localhost:3000/" "Mozilla/5.0 (Linux; Android 6.0; Nexus 5 Build/MRA58N) AppleWebKit/537.36 (KHTML, like Gecko) Chrome/90.0.4430.212 Mobile Safari/537.36"

info: ::1 - - [10/Jun/2021:04:30:30 +0000] "GET /api/v1/incidents HTTP/1.1" 200 481 "http://localhost:3000/" "Mozilla/5.0 (Linux; Android 6.0; Nexus 5 Build/MRA58N) AppleWebKit/537.36 (KHTML, like Gecko) Chrome/90.0.4430.212 Mobile Safari/537.36"

info: ::1 - - [10/Jun/2021:04:30:31 +0000] "DELETE /api/v1/incidents/6 HTTP/1.1" 200 64 "http://localhost:3000/" "Mozilla/5.0 (Linux; Android 6.0; Nexus 5 Build/MRA58N) AppleWebKit/537.36 (KHTML, like Gecko) Chrome/90.0.4430.212 Mobile Safari/537.36"

info: ::1 - - [10/Jun/2021:04:31:44 +0000] "GET /api/v1/incidents HTTP/1.1" 200 245 "http://localhost:3000/" "Mozilla/5.0 (Linux; Android 6.0; Nexus 5 Build/MRA58N) AppleWebKit/537.36 (KHTML, like Gecko) Chrome/90.0.4430.212 Mobile Safari/537.36"

info: ::1 - - [10/Jun/2021:04:31:48 +0000] "POST /api/v1/incidents HTTP/1.1" 201 228 "http://localhost:3000/" "Mozilla/5.0 (Linux; Android 6.0; Nexus 5 Build/MRA58N) AppleWebKit/537.36 (KHTML, like Gecko) Chrome/90.0.4430.212 Mobile Safari/537.36"

info: ::1 - - [10/Jun/2021:04:31:50 +0000] "POST /api/v1/incidents HTTP/1.1" 201 228 "http://localhost:3000/" "Mozilla/5.0 (Linux; Android 6.0; Nexus 5 Build/MRA58N) AppleWebKit/537.36 (KHTML, like Gecko) Chrome/90.0.4430.212 Mobile Safari/537.36"

info: ::1 - - [10/Jun/2021:04:31:51 +0000] "GET /api/v1/incidents HTTP/1.1" 200 607 "http://localhost:3000/" "Mozilla/5.0 (Linux; Android 6.0; Nexus 5 Build/MRA58N) AppleWebKit/537.36 (KHTML, like Gecko) Chrome/90.0.4430.212 Mobile Safari/537.36"

info: ::1 - - [10/Jun/2021:04:31:54 +0000] "DELETE /api/v1/incidents/8 HTTP/1.1" 200 64 "http://localhost:3000/" "Mozilla/5.0 (Linux; Android 6.0; Nexus 5 Build/MRA58N) AppleWebKit/537.36 (KHTML, like Gecko) Chrome/90.0.4430.212 Mobile Safari/537.36"

info: ::1 - - [10/Jun/2021:04:32:04 +0000] "GET /api/v1/incidents HTTP/1.1" 200 426 "http://localhost:3000/" "Mozilla/5.0 (Linux; Android 6.0; Nexus 5 Build/MRA58N) AppleWebKit/537.36 (KHTML, like Gecko) Chrome/90.0.4430.212 Mobile Safari/537.36"

info: ::1 - - [10/Jun/2021:04:32:05 +0000] "DELETE /api/v1/incidents/7 HTTP/1.1" 200 64 "http://localhost:3000/" "Mozilla/5.0 (Linux; Android 6.0; Nexus 5 Build/MRA58N) AppleWebKit/537.36 (KHTML, like Gecko) Chrome/90.0.4430.212 Mobile Safari/537.36"

info: ::1 - - [10/Jun/2021:04:32:56 +0000] "POST /api/v1/incidents HTTP/1.1" 201 228 "http://localhost:3000/" "Mozilla/5.0 (Linux; Android 6.0; Nexus 5 Build/MRA58N) AppleWebKit/537.36 (KHTML, like Gecko) Chrome/90.0.4430.212 Mobile Safari/537.36"

info: ::1 - - [10/Jun/2021:04:32:58 +0000] "GET /api/v1/incidents HTTP/1.1" 200 426 "http://localhost:3000/" "Mozilla/5.0 (Linux; Android 6.0; Nexus 5 Build/MRA58N) AppleWebKit/537.36 (KHTML, like Gecko) Chrome/90.0.4430.212 Mobile Safari/537.36"

info: ::1 - - [10/Jun/2021:04:32:59 +0000] "DELETE /api/v1/incidents/9 HTTP/1.1" 200 64 "http://localhost:3000/" "Mozilla/5.0 (Linux; Android 6.0; Nexus 5 Build/MRA58N) AppleWebKit/537.36 (KHTML, like Gecko) Chrome/90.0.4430.212 Mobile Safari/537.36"

info: ::1 - - [10/Jun/2021:04:33:45 +0000] "POST /api/v1/incidents HTTP/1.1" 201 229 "http://localhost:3000/" "Mozilla/5.0 (Linux; Android 6.0; Nexus 5 Build/MRA58N) AppleWebKit/537.36 (KHTML, like Gecko) Chrome/90.0.4430.212 Mobile Safari/537.36"

info: ::1 - - [10/Jun/2021:04:33:46 +0000] "GET /api/v1/incidents HTTP/1.1" 200 427 "http://localhost:3000/" "Mozilla/5.0 (Linux; Android 6.0; Nexus 5 Build/MRA58N) AppleWebKit/537.36 (KHTML, like Gecko) Chrome/90.0.4430.212 Mobile Safari/537.36"

info: ::1 - - [10/Jun/2021:04:33:50 +0000] "DELETE /api/v1/incidents/10 HTTP/1.1" 500 54 "http://localhost:3000/" "Mozilla/5.0 (Linux; Android 6.0; Nexus 5 Build/MRA58N) AppleWebKit/537.36 (KHTML, like Gecko) Chrome/90.0.4430.212 Mobile Safari/537.36"

info: ::1 - - [10/Jun/2021:04:34:54 +0000] "GET /api/v1/incidents HTTP/1.1" 200 245 "http://localhost:3000/" "Mozilla/5.0 (Linux; Android 6.0; Nexus 5 Build/MRA58N) AppleWebKit/537.36 (KHTML, like Gecko) Chrome/90.0.4430.212 Mobile Safari/537.36"

info: ::1 - - [10/Jun/2021:04:34:59 +0000] "POST /api/v1/incidents HTTP/1.1" 201 229 "http://localhost:3000/" "Mozilla/5.0 (Linux; Android 6.0; Nexus 5 Build/MRA58N) AppleWebKit/537.36 (KHTML, like Gecko) Chrome/90.0.4430.212 Mobile Safari/537.36"

info: ::1 - - [10/Jun/2021:04:35:00 +0000] "POST /api/v1/incidents HTTP/1.1" 201 229 "http://localhost:3000/" "Mozilla/5.0 (Linux; Android 6.0; Nexus 5 Build/MRA58N) AppleWebKit/537.36 (KHTML, like Gecko) Chrome/90.0.4430.212 Mobile Safari/537.36"

info: ::1 - - [10/Jun/2021:04:35:00 +0000] "POST /api/v1/incidents HTTP/1.1" 201 229 "http://localhost:3000/" "Mozilla/5.0 (Linux; Android 6.0; Nexus 5 Build/MRA58N) AppleWebKit/537.36 (KHTML, like Gecko) Chrome/90.0.4430.212 Mobile Safari/537.36"

info: ::1 - - [10/Jun/2021:04:35:01 +0000] "GET /api/v1/incidents HTTP/1.1" 200 791 "http://localhost:3000/" "Mozilla/5.0 (Linux; Android 6.0; Nexus 5 Build/MRA58N) AppleWebKit/537.36 (KHTML, like Gecko) Chrome/90.0.4430.212 Mobile Safari/537.36"

info: ::1 - - [10/Jun/2021:04:35:02 +0000] "DELETE /api/v1/incidents/13 HTTP/1.1" 200 243 "http://localhost:3000/" "Mozilla/5.0 (Linux; Android 6.0; Nexus 5 Build/MRA58N) AppleWebKit/537.36 (KHTML, like Gecko) Chrome/90.0.4430.212 Mobile Safari/537.36"

info: ::1 - - [10/Jun/2021:04:35:03 +0000] "DELETE /api/v1/incidents/12 HTTP/1.1" 200 243 "http://localhost:3000/" "Mozilla/5.0 (Linux; Android 6.0; Nexus 5 Build/MRA58N) AppleWebKit/537.36 (KHTML, like Gecko) Chrome/90.0.4430.212 Mobile Safari/537.36"

info: ::1 - - [10/Jun/2021:04:35:05 +0000] "DELETE /api/v1/incidents/11 HTTP/1.1" 200 243 "http://localhost:3000/" "Mozilla/5.0 (Linux; Android 6.0; Nexus 5 Build/MRA58N) AppleWebKit/537.36 (KHTML, like Gecko) Chrome/90.0.4430.212 Mobile Safari/537.36"

info: ::1 - - [10/Jun/2021:04:35:09 +0000] "GET /api/v1/incidents HTTP/1.1" 200 245 "http://localhost:3000/" "Mozilla/5.0 (Linux; Android 6.0; Nexus 5 Build/MRA58N) AppleWebKit/537.36 (KHTML, like Gecko) Chrome/90.0.4430.212 Mobile Safari/537.36"

info: ::1 - - [10/Jun/2021:04:35:16 +0000] "POST /api/v1/incidents HTTP/1.1" 201 230 "http://localhost:3000/" "Mozilla/5.0 (Linux; Android 6.0; Nexus 5 Build/MRA58N) AppleWebKit/537.36 (KHTML, like Gecko) Chrome/90.0.4430.212 Mobile Safari/537.36"

info: ::1 - - [10/Jun/2021:04:35:17 +0000] "POST /api/v1/incidents HTTP/1.1" 201 230 "http://localhost:3000/" "Mozilla/5.0 (Linux; Android 6.0; Nexus 5 Build/MRA58N) AppleWebKit/537.36 (KHTML, like Gecko) Chrome/90.0.4430.212 Mobile Safari/537.36"

info: ::1 - - [10/Jun/2021:04:35:17 +0000] "POST /api/v1/incidents HTTP/1.1" 201 230 "http://localhost:3000/" "Mozilla/5.0 (Linux; Android 6.0; Nexus 5 Build/MRA58N) AppleWebKit/537.36 (KHTML, like Gecko) Chrome/90.0.4430.212 Mobile Safari/537.36"

info: ::1 - - [10/Jun/2021:04:35:17 +0000] "POST /api/v1/incidents HTTP/1.1" 201 230 "http://localhost:3000/" "Mozilla/5.0 (Linux; Android 6.0; Nexus 5 Build/MRA58N) AppleWebKit/537.36 (KHTML, like Gecko) Chrome/90.0.4430.212 Mobile Safari/537.36"

info: ::1 - - [10/Jun/2021:04:35:18 +0000] "POST /api/v1/incidents HTTP/1.1" 201 230 "http://localhost:3000/" "Mozilla/5.0 (Linux; Android 6.0; Nexus 5 Build/MRA58N) AppleWebKit/537.36 (KHTML, like Gecko) Chrome/90.0.4430.212 Mobile Safari/537.36"

info: ::1 - - [10/Jun/2021:04:35:18 +0000] "POST /api/v1/incidents HTTP/1.1" 201 230 "http://localhost:3000/" "Mozilla/5.0 (Linux; Android 6.0; Nexus 5 Build/MRA58N) AppleWebKit/537.36 (KHTML, like Gecko) Chrome/90.0.4430.212 Mobile Safari/537.36"

info: ::1 - - [10/Jun/2021:04:35:19 +0000] "POST /api/v1/incidents HTTP/1.1" 201 230 "http://localhost:3000/" "Mozilla/5.0 (Linux; Android 6.0; Nexus 5 Build/MRA58N) AppleWebKit/537.36 (KHTML, like Gecko) Chrome/90.0.4430.212 Mobile Safari/537.36"

info: ::1 - - [10/Jun/2021:04:35:19 +0000] "GET /api/v1/incidents HTTP/1.1" 200 1526 "http://localhost:3000/" "Mozilla/5.0 (Linux; Android 6.0; Nexus 5 Build/MRA58N) AppleWebKit/537.36 (KHTML, like Gecko) Chrome/90.0.4430.212 Mobile Safari/537.36"

info: ::1 - - [10/Jun/2021:04:35:21 +0000] "DELETE /api/v1/incidents/20 HTTP/1.1" 200 244 "http://localhost:3000/" "Mozilla/5.0 (Linux; Android 6.0; Nexus 5 Build/MRA58N) AppleWebKit/537.36 (KHTML, like Gecko) Chrome/90.0.4430.212 Mobile Safari/537.36"

info: ::1 - - [10/Jun/2021:04:35:22 +0000] "DELETE /api/v1/incidents/19 HTTP/1.1" 200 244 "http://localhost:3000/" "Mozilla/5.0 (Linux; Android 6.0; Nexus 5 Build/MRA58N) AppleWebKit/537.36 (KHTML, like Gecko) Chrome/90.0.4430.212 Mobile Safari/537.36"

info: ::1 - - [10/Jun/2021:04:35:23 +0000] "DELETE /api/v1/incidents/18 HTTP/1.1" 200 244 "http://localhost:3000/" "Mozilla/5.0 (Linux; Android 6.0; Nexus 5 Build/MRA58N) AppleWebKit/537.36 (KHTML, like Gecko) Chrome/90.0.4430.212 Mobile Safari/537.36"

info: ::1 - - [10/Jun/2021:04:35:23 +0000] "DELETE /api/v1/incidents/17 HTTP/1.1" 200 244 "http://localhost:3000/" "Mozilla/5.0 (Linux; Android 6.0; Nexus 5 Build/MRA58N) AppleWebKit/537.36 (KHTML, like Gecko) Chrome/90.0.4430.212 Mobile Safari/537.36"

info: ::1 - - [10/Jun/2021:04:35:24 +0000] "DELETE /api/v1/incidents/16 HTTP/1.1" 200 244 "http://localhost:3000/" "Mozilla/5.0 (Linux; Android 6.0; Nexus 5 Build/MRA58N) AppleWebKit/537.36 (KHTML, like Gecko) Chrome/90.0.4430.212 Mobile Safari/537.36"

info: ::1 - - [10/Jun/2021:04:35:25 +0000] "DELETE /api/v1/incidents/15 HTTP/1.1" 200 244 "http://localhost:3000/" "Mozilla/5.0 (Linux; Android 6.0; Nexus 5 Build/MRA58N) AppleWebKit/537.36 (KHTML, like Gecko) Chrome/90.0.4430.212 Mobile Safari/537.36"

info: ::1 - - [10/Jun/2021:04:35:45 +0000] "GET /api/v1/incidents HTTP/1.1" 200 428 "http://localhost:3000/" "Mozilla/5.0 (Linux; Android 6.0; Nexus 5 Build/MRA58N) AppleWebKit/537.36 (KHTML, like Gecko) Chrome/90.0.4430.212 Mobile Safari/537.36"

info: ::1 - - [10/Jun/2021:04:35:46 +0000] "DELETE /api/v1/incidents/14 HTTP/1.1" 200 244 "http://localhost:3000/" "Mozilla/5.0 (Linux; Android 6.0; Nexus 5 Build/MRA58N) AppleWebKit/537.36 (KHTML, like Gecko) Chrome/90.0.4430.212 Mobile Safari/537.36"

info: ::1 - - [10/Jun/2021:04:36:19 +0000] "GET /api/v1/incidents HTTP/1.1" 200 245 "http://localhost:3000/" "Mozilla/5.0 (Linux; Android 6.0; Nexus 5 Build/MRA58N) AppleWebKit/537.36 (KHTML, like Gecko) Chrome/90.0.4430.212 Mobile Safari/537.36"

info: ::1 - - [10/Jun/2021:04:37:07 +0000] "POST /api/v1/incidents HTTP/1.1" 201 229 "http://localhost:3000/" "Mozilla/5.0 (Linux; Android 6.0; Nexus 5 Build/MRA58N) AppleWebKit/537.36 (KHTML, like Gecko) Chrome/90.0.4430.212 Mobile Safari/537.36"

info: ::1 - - [10/Jun/2021:04:37:12 +0000] "GET /api/v1/incidents HTTP/1.1" 200 427 "http://localhost:3000/" "Mozilla/5.0 (Linux; Android 6.0; Nexus 5 Build/MRA58N) AppleWebKit/537.36 (KHTML, like Gecko) Chrome/90.0.4430.212 Mobile Safari/537.36"

info: ::1 - - [10/Jun/2021:04:37:15 +0000] "GET /api/v1/incidents HTTP/1.1" 304 - "http://localhost:3000/" "Mozilla/5.0 (Linux; Android 6.0; Nexus 5 Build/MRA58N) AppleWebKit/537.36 (KHTML, like Gecko) Chrome/90.0.4430.212 Mobile Safari/537.36"

info: ::1 - - [10/Jun/2021:04:37:18 +0000] "POST /api/v1/incidents HTTP/1.1" 201 229 "http://localhost:3000/" "Mozilla/5.0 (Linux; Android 6.0; Nexus 5 Build/MRA58N) AppleWebKit/537.36 (KHTML, like Gecko) Chrome/90.0.4430.212 Mobile Safari/537.36"

info: ::1 - - [10/Jun/2021:04:37:20 +0000] "GET /api/v1/incidents HTTP/1.1" 200 609 "http://localhost:3000/" "Mozilla/5.0 (Linux; Android 6.0; Nexus 5 Build/MRA58N) AppleWebKit/537.36 (KHTML, like Gecko) Chrome/90.0.4430.212 Mobile Safari/537.36"

info: ::1 - - [10/Jun/2021:04:37:24 +0000] "GET /api/v1/incidents HTTP/1.1" 304 - "http://localhost:3000/" "Mozilla/5.0 (Linux; Android 6.0; Nexus 5 Build/MRA58N) AppleWebKit/537.36 (KHTML, like Gecko) Chrome/90.0.4430.212 Mobile Safari/537.36"

info: ::1 - - [10/Jun/2021:04:43:42 +0000] "GET /api/v1/incidents HTTP/1.1" 304 - "http://localhost:3000/" "Mozilla/5.0 (Linux; Android 6.0; Nexus 5 Build/MRA58N) AppleWebKit/537.36 (KHTML, like Gecko) Chrome/90.0.4430.212 Mobile Safari/537.36"

info: ::1 - - [10/Jun/2021:04:49:50 +0000] "GET /api/v1/incidents HTTP/1.1" 304 - "http://localhost:3000/" "Mozilla/5.0 (Linux; Android 6.0; Nexus 5 Build/MRA58N) AppleWebKit/537.36 (KHTML, like Gecko) Chrome/90.0.4430.212 Mobile Safari/537.36"

info: ::1 - - [10/Jun/2021:04:52:59 +0000] "POST /api/v1/incidents HTTP/1.1" 201 229 "http://localhost:3000/" "Mozilla/5.0 (Linux; Android 6.0; Nexus 5 Build/MRA58N) AppleWebKit/537.36 (KHTML, like Gecko) Chrome/90.0.4430.212 Mobile Safari/537.36"

info: ::1 - - [10/Jun/2021:04:53:01 +0000] "GET /api/v1/incidents HTTP/1.1" 200 791 "http://localhost:3000/" "Mozilla/5.0 (Linux; Android 6.0; Nexus 5 Build/MRA58N) AppleWebKit/537.36 (KHTML, like Gecko) Chrome/90.0.4430.212 Mobile Safari/537.36"

info: ::1 - - [10/Jun/2021:04:53:21 +0000] "GET /api/v1/incidents HTTP/1.1" 304 - "http://localhost:3000/" "Mozilla/5.0 (Linux; Android 6.0; Nexus 5 Build/MRA58N) AppleWebKit/537.36 (KHTML, like Gecko) Chrome/90.0.4430.212 Mobile Safari/537.36"

info: ::1 - - [10/Jun/2021:04:53:35 +0000] "POST /api/v1/incidents HTTP/1.1" 201 229 "http://localhost:3000/" "Mozilla/5.0 (Linux; Android 6.0; Nexus 5 Build/MRA58N) AppleWebKit/537.36 (KHTML, like Gecko) Chrome/90.0.4430.212 Mobile Safari/537.36"

info: ::1 - - [10/Jun/2021:04:53:36 +0000] "GET /api/v1/incidents HTTP/1.1" 200 973 "http://localhost:3000/" "Mozilla/5.0 (Linux; Android 6.0; Nexus 5 Build/MRA58N) AppleWebKit/537.36 (KHTML, like Gecko) Chrome/90.0.4430.212 Mobile Safari/537.36"

info: ::1 - - [10/Jun/2021:04:55:17 +0000] "GET /api/v1/incidents HTTP/1.1" 200 65 "http://localhost:3000/" "Mozilla/5.0 (Linux; Android 6.0; Nexus 5 Build/MRA58N) AppleWebKit/537.36 (KHTML, like Gecko) Chrome/90.0.4430.212 Mobile Safari/537.36"

info: ::1 - - [10/Jun/2021:04:55:21 +0000] "POST /api/v1/incidents HTTP/1.1" 201 244 "http://localhost:3000/" "Mozilla/5.0 (Linux; Android 6.0; Nexus 5 Build/MRA58N) AppleWebKit/537.36 (KHTML, like Gecko) Chrome/90.0.4430.212 Mobile Safari/537.36"

info: ::1 - - [10/Jun/2021:04:55:21 +0000] "GET /api/v1/incidents HTTP/1.1" 200 247 "http://localhost:3000/" "Mozilla/5.0 (Linux; Android 6.0; Nexus 5 Build/MRA58N) AppleWebKit/537.36 (KHTML, like Gecko) Chrome/90.0.4430.212 Mobile Safari/537.36"

info: ::1 - - [10/Jun/2021:04:55:25 +0000] "POST /api/v1/incidents HTTP/1.1" 201 244 "http://localhost:3000/" "Mozilla/5.0 (Linux; Android 6.0; Nexus 5 Build/MRA58N) AppleWebKit/537.36 (KHTML, like Gecko) Chrome/90.0.4430.212 Mobile Safari/537.36"

info: ::1 - - [10/Jun/2021:04:55:28 +0000] "POST /api/v1/incidents HTTP/1.1" 201 244 "http://localhost:3000/" "Mozilla/5.0 (Linux; Android 6.0; Nexus 5 Build/MRA58N) AppleWebKit/537.36 (KHTML, like Gecko) Chrome/90.0.4430.212 Mobile Safari/537.36"

info: ::1 - - [10/Jun/2021:04:55:29 +0000] "GET /api/v1/incidents HTTP/1.1" 200 613 "http://localhost:3000/" "Mozilla/5.0 (Linux; Android 6.0; Nexus 5 Build/MRA58N) AppleWebKit/537.36 (KHTML, like Gecko) Chrome/90.0.4430.212 Mobile Safari/537.36"

info: ::1 - - [10/Jun/2021:04:59:21 +0000] "GET /api/v1/incidents HTTP/1.1" 304 - "http://localhost:3000/" "Mozilla/5.0 (Linux; Android 6.0; Nexus 5 Build/MRA58N) AppleWebKit/537.36 (KHTML, like Gecko) Chrome/90.0.4430.212 Mobile Safari/537.36"

