info: ::1 - - [10/Jun/2021:05:00:20 +0000] "GET /api/v1/incidents HTTP/1.1" 304 - "http://localhost:3000/" "Mozilla/5.0 (Linux; Android 6.0; Nexus 5 Build/MRA58N) AppleWebKit/537.36 (KHTML, like Gecko) Chrome/90.0.4430.212 Mobile Safari/537.36"

info: ::1 - - [10/Jun/2021:05:01:03 +0000] "GET /api/v1/incidents HTTP/1.1" 304 - "http://localhost:3000/" "Mozilla/5.0 (Linux; Android 6.0; Nexus 5 Build/MRA58N) AppleWebKit/537.36 (KHTML, like Gecko) Chrome/90.0.4430.212 Mobile Safari/537.36"

info: ::1 - - [10/Jun/2021:05:01:27 +0000] "GET /api/v1/incidents HTTP/1.1" 304 - "http://localhost:3000/" "Mozilla/5.0 (Linux; Android 6.0; Nexus 5 Build/MRA58N) AppleWebKit/537.36 (KHTML, like Gecko) Chrome/90.0.4430.212 Mobile Safari/537.36"

info: ::1 - - [10/Jun/2021:05:02:12 +0000] "GET /api/v1/incidents HTTP/1.1" 304 - "http://localhost:3000/" "Mozilla/5.0 (Linux; Android 6.0; Nexus 5 Build/MRA58N) AppleWebKit/537.36 (KHTML, like Gecko) Chrome/90.0.4430.212 Mobile Safari/537.36"

info: ::1 - - [10/Jun/2021:05:09:23 +0000] "GET /api/v1/incidents HTTP/1.1" 304 - "http://localhost:3000/" "Mozilla/5.0 (Linux; Android 6.0; Nexus 5 Build/MRA58N) AppleWebKit/537.36 (KHTML, like Gecko) Chrome/90.0.4430.212 Mobile Safari/537.36"

info: ::1 - - [10/Jun/2021:05:10:32 +0000] "GET /api/v1/incidents HTTP/1.1" 304 - "http://localhost:3000/" "Mozilla/5.0 (Linux; Android 6.0; Nexus 5 Build/MRA58N) AppleWebKit/537.36 (KHTML, like Gecko) Chrome/90.0.4430.212 Mobile Safari/537.36"

info: ::1 - - [10/Jun/2021:05:13:12 +0000] "GET /api/v1/incidents HTTP/1.1" 304 - "http://localhost:3000/" "Mozilla/5.0 (Linux; Android 6.0; Nexus 5 Build/MRA58N) AppleWebKit/537.36 (KHTML, like Gecko) Chrome/90.0.4430.212 Mobile Safari/537.36"

info: ::1 - - [10/Jun/2021:05:13:30 +0000] "GET /api/v1/incidents HTTP/1.1" 304 - "http://localhost:3000/" "Mozilla/5.0 (Linux; Android 6.0; Nexus 5 Build/MRA58N) AppleWebKit/537.36 (KHTML, like Gecko) Chrome/90.0.4430.212 Mobile Safari/537.36"

info: ::1 - - [10/Jun/2021:05:13:58 +0000] "GET /api/v1/incidents HTTP/1.1" 304 - "http://localhost:3000/" "Mozilla/5.0 (Linux; Android 6.0; Nexus 5 Build/MRA58N) AppleWebKit/537.36 (KHTML, like Gecko) Chrome/90.0.4430.212 Mobile Safari/537.36"

info: ::1 - - [10/Jun/2021:05:14:33 +0000] "GET /api/v1/incidents HTTP/1.1" 304 - "http://localhost:3000/" "Mozilla/5.0 (Linux; Android 6.0; Nexus 5 Build/MRA58N) AppleWebKit/537.36 (KHTML, like Gecko) Chrome/90.0.4430.212 Mobile Safari/537.36"

info: ::1 - - [10/Jun/2021:05:14:50 +0000] "PUT /api/v1/incidents/3 HTTP/1.1" 202 244 "http://localhost:3000/" "Mozilla/5.0 (Linux; Android 6.0; Nexus 5 Build/MRA58N) AppleWebKit/537.36 (KHTML, like Gecko) Chrome/90.0.4430.212 Mobile Safari/537.36"

info: ::1 - - [10/Jun/2021:05:15:06 +0000] "GET /api/v1/incidents HTTP/1.1" 200 613 "http://localhost:3000/" "Mozilla/5.0 (Linux; Android 6.0; Nexus 5 Build/MRA58N) AppleWebKit/537.36 (KHTML, like Gecko) Chrome/90.0.4430.212 Mobile Safari/537.36"

info: ::1 - - [10/Jun/2021:05:15:25 +0000] "GET /api/v1/incidents HTTP/1.1" 304 - "http://localhost:3000/" "Mozilla/5.0 (Linux; Android 6.0; Nexus 5 Build/MRA58N) AppleWebKit/537.36 (KHTML, like Gecko) Chrome/90.0.4430.212 Mobile Safari/537.36"

info: ::1 - - [10/Jun/2021:05:16:31 +0000] "GET /api/v1/incidents HTTP/1.1" 304 - "http://localhost:3000/" "Mozilla/5.0 (Linux; Android 6.0; Nexus 5 Build/MRA58N) AppleWebKit/537.36 (KHTML, like Gecko) Chrome/90.0.4430.212 Mobile Safari/537.36"

info: ::1 - - [10/Jun/2021:05:16:34 +0000] "GET /api/v1/incidents HTTP/1.1" 304 - "http://localhost:3000/" "Mozilla/5.0 (Linux; Android 6.0; Nexus 5 Build/MRA58N) AppleWebKit/537.36 (KHTML, like Gecko) Chrome/90.0.4430.212 Mobile Safari/537.36"

info: ::1 - - [10/Jun/2021:05:16:46 +0000] "PUT /api/v1/incidents/3 HTTP/1.1" 202 246 "http://localhost:3000/" "Mozilla/5.0 (Windows NT 10.0; Win64; x64) AppleWebKit/537.36 (KHTML, like Gecko) Chrome/90.0.4430.212 Safari/537.36 OPR/76.0.4017.177"

info: ::1 - - [10/Jun/2021:05:16:51 +0000] "PUT /api/v1/incidents/3 HTTP/1.1" 202 244 "http://localhost:3000/" "Mozilla/5.0 (Windows NT 10.0; Win64; x64) AppleWebKit/537.36 (KHTML, like Gecko) Chrome/90.0.4430.212 Safari/537.36 OPR/76.0.4017.177"

info: ::1 - - [10/Jun/2021:05:16:55 +0000] "PUT /api/v1/incidents/3 HTTP/1.1" 202 246 "http://localhost:3000/" "Mozilla/5.0 (Windows NT 10.0; Win64; x64) AppleWebKit/537.36 (KHTML, like Gecko) Chrome/90.0.4430.212 Safari/537.36 OPR/76.0.4017.177"

info: ::1 - - [10/Jun/2021:05:17:00 +0000] "GET /api/v1/incidents HTTP/1.1" 200 615 "http://localhost:3000/" "Mozilla/5.0 (Windows NT 10.0; Win64; x64) AppleWebKit/537.36 (KHTML, like Gecko) Chrome/90.0.4430.212 Safari/537.36 OPR/76.0.4017.177"

info: ::1 - - [10/Jun/2021:05:17:26 +0000] "GET /api/v1/incidents HTTP/1.1" 304 - "http://localhost:3000/" "Mozilla/5.0 (Linux; Android 6.0; Nexus 5 Build/MRA58N) AppleWebKit/537.36 (KHTML, like Gecko) Chrome/90.0.4430.212 Mobile Safari/537.36"

info: ::1 - - [10/Jun/2021:05:17:45 +0000] "GET /api/v1/incidents HTTP/1.1" 304 - "http://localhost:3000/" "Mozilla/5.0 (Linux; Android 6.0; Nexus 5 Build/MRA58N) AppleWebKit/537.36 (KHTML, like Gecko) Chrome/90.0.4430.212 Mobile Safari/537.36"

info: ::1 - - [10/Jun/2021:05:19:41 +0000] "GET /api/v1/incidents HTTP/1.1" 304 - "http://localhost:3000/" "Mozilla/5.0 (Linux; Android 6.0; Nexus 5 Build/MRA58N) AppleWebKit/537.36 (KHTML, like Gecko) Chrome/90.0.4430.212 Mobile Safari/537.36"

info: ::1 - - [10/Jun/2021:05:23:55 +0000] "GET /api/v1/incidents HTTP/1.1" 304 - "http://localhost:3000/" "Mozilla/5.0 (Linux; Android 6.0; Nexus 5 Build/MRA58N) AppleWebKit/537.36 (KHTML, like Gecko) Chrome/90.0.4430.212 Mobile Safari/537.36"

info: ::1 - - [10/Jun/2021:05:24:46 +0000] "GET /api/v1/incidents HTTP/1.1" 304 - "http://localhost:3000/" "Mozilla/5.0 (Linux; Android 6.0; Nexus 5 Build/MRA58N) AppleWebKit/537.36 (KHTML, like Gecko) Chrome/90.0.4430.212 Mobile Safari/537.36"

info: ::1 - - [10/Jun/2021:05:25:26 +0000] "GET /api/v1/incidents HTTP/1.1" 304 - "http://localhost:3000/" "Mozilla/5.0 (Linux; Android 6.0; Nexus 5 Build/MRA58N) AppleWebKit/537.36 (KHTML, like Gecko) Chrome/90.0.4430.212 Mobile Safari/537.36"

info: ::1 - - [10/Jun/2021:05:25:34 +0000] "GET /api/v1/incidents HTTP/1.1" 304 - "http://localhost:3000/" "Mozilla/5.0 (Linux; Android 6.0; Nexus 5 Build/MRA58N) AppleWebKit/537.36 (KHTML, like Gecko) Chrome/90.0.4430.212 Mobile Safari/537.36"

info: ::1 - - [10/Jun/2021:05:25:54 +0000] "GET /api/v1/incidents HTTP/1.1" 304 - "http://localhost:3000/" "Mozilla/5.0 (Linux; Android 6.0; Nexus 5 Build/MRA58N) AppleWebKit/537.36 (KHTML, like Gecko) Chrome/90.0.4430.212 Mobile Safari/537.36"

info: ::1 - - [10/Jun/2021:13:09:44 +0000] "GET /api/v1/incidents HTTP/1.1" 304 - "http://localhost:3000/" "Mozilla/5.0 (Windows NT 10.0; Win64; x64) AppleWebKit/537.36 (KHTML, like Gecko) Chrome/90.0.4430.212 Safari/537.36 OPR/76.0.4017.177"

info: ::1 - - [10/Jun/2021:13:14:54 +0000] "GET /api/v1/incidents HTTP/1.1" 304 - "http://localhost:3000/" "Mozilla/5.0 (Windows NT 10.0; Win64; x64) AppleWebKit/537.36 (KHTML, like Gecko) Chrome/90.0.4430.212 Safari/537.36 OPR/76.0.4017.177"

info: ::1 - - [10/Jun/2021:13:17:13 +0000] "GET /api/v1/incidents HTTP/1.1" 304 - "http://localhost:3000/" "Mozilla/5.0 (Linux; Android 6.0; Nexus 5 Build/MRA58N) AppleWebKit/537.36 (KHTML, like Gecko) Chrome/90.0.4430.212 Mobile Safari/537.36"

info: ::1 - - [10/Jun/2021:13:19:26 +0000] "GET /api/v1/incidents HTTP/1.1" 304 - "http://localhost:3000/" "Mozilla/5.0 (Linux; Android 6.0; Nexus 5 Build/MRA58N) AppleWebKit/537.36 (KHTML, like Gecko) Chrome/90.0.4430.212 Mobile Safari/537.36"

info: ::1 - - [10/Jun/2021:13:22:44 +0000] "GET /api/v1/incidents HTTP/1.1" 304 - "http://localhost:3000/" "Mozilla/5.0 (Linux; Android 6.0; Nexus 5 Build/MRA58N) AppleWebKit/537.36 (KHTML, like Gecko) Chrome/90.0.4430.212 Mobile Safari/537.36"

info: ::1 - - [10/Jun/2021:13:22:48 +0000] "GET /api/v1/incidents HTTP/1.1" 304 - "http://localhost:3000/" "Mozilla/5.0 (Linux; Android 6.0; Nexus 5 Build/MRA58N) AppleWebKit/537.36 (KHTML, like Gecko) Chrome/90.0.4430.212 Mobile Safari/537.36"

info: ::1 - - [10/Jun/2021:13:23:36 +0000] "GET /api/v1/incidents HTTP/1.1" 304 - "http://localhost:3000/" "Mozilla/5.0 (Linux; Android 6.0; Nexus 5 Build/MRA58N) AppleWebKit/537.36 (KHTML, like Gecko) Chrome/90.0.4430.212 Mobile Safari/537.36"

info: ::1 - - [10/Jun/2021:13:23:53 +0000] "GET /api/v1/incidents HTTP/1.1" 304 - "http://localhost:3000/" "Mozilla/5.0 (Linux; Android 6.0; Nexus 5 Build/MRA58N) AppleWebKit/537.36 (KHTML, like Gecko) Chrome/90.0.4430.212 Mobile Safari/537.36"

info: ::1 - - [10/Jun/2021:13:24:28 +0000] "GET /api/v1/incidents HTTP/1.1" 304 - "http://localhost:3000/" "Mozilla/5.0 (Linux; Android 6.0; Nexus 5 Build/MRA58N) AppleWebKit/537.36 (KHTML, like Gecko) Chrome/90.0.4430.212 Mobile Safari/537.36"

info: ::1 - - [10/Jun/2021:13:25:16 +0000] "GET /api/v1/incidents HTTP/1.1" 304 - "http://localhost:3000/" "Mozilla/5.0 (Linux; Android 6.0; Nexus 5 Build/MRA58N) AppleWebKit/537.36 (KHTML, like Gecko) Chrome/90.0.4430.212 Mobile Safari/537.36"

info: ::1 - - [10/Jun/2021:13:25:34 +0000] "GET /api/v1/incidents HTTP/1.1" 304 - "http://localhost:3000/" "Mozilla/5.0 (Linux; Android 6.0; Nexus 5 Build/MRA58N) AppleWebKit/537.36 (KHTML, like Gecko) Chrome/90.0.4430.212 Mobile Safari/537.36"

info: ::1 - - [10/Jun/2021:13:25:48 +0000] "GET /api/v1/incidents HTTP/1.1" 304 - "http://localhost:3000/" "Mozilla/5.0 (Linux; Android 6.0; Nexus 5 Build/MRA58N) AppleWebKit/537.36 (KHTML, like Gecko) Chrome/90.0.4430.212 Mobile Safari/537.36"

info: ::1 - - [10/Jun/2021:13:26:15 +0000] "POST /api/v1/incidents HTTP/1.1" 201 244 "http://localhost:3000/" "Mozilla/5.0 (Linux; Android 6.0; Nexus 5 Build/MRA58N) AppleWebKit/537.36 (KHTML, like Gecko) Chrome/90.0.4430.212 Mobile Safari/537.36"

info: ::1 - - [10/Jun/2021:13:26:17 +0000] "GET /api/v1/incidents HTTP/1.1" 200 798 "http://localhost:3000/" "Mozilla/5.0 (Linux; Android 6.0; Nexus 5 Build/MRA58N) AppleWebKit/537.36 (KHTML, like Gecko) Chrome/90.0.4430.212 Mobile Safari/537.36"

info: ::1 - - [10/Jun/2021:13:33:07 +0000] "GET /api/v1/incidents HTTP/1.1" 304 - "http://localhost:3000/" "Mozilla/5.0 (Linux; Android 6.0; Nexus 5 Build/MRA58N) AppleWebKit/537.36 (KHTML, like Gecko) Chrome/90.0.4430.212 Mobile Safari/537.36"

info: ::1 - - [10/Jun/2021:13:33:25 +0000] "GET /api/v1/incidents HTTP/1.1" 304 - "http://localhost:3000/" "Mozilla/5.0 (Linux; Android 6.0; Nexus 5 Build/MRA58N) AppleWebKit/537.36 (KHTML, like Gecko) Chrome/90.0.4430.212 Mobile Safari/537.36"

info: ::1 - - [10/Jun/2021:13:33:27 +0000] "GET /api/v1/incidents HTTP/1.1" 304 - "http://localhost:3000/" "Mozilla/5.0 (Linux; Android 6.0; Nexus 5 Build/MRA58N) AppleWebKit/537.36 (KHTML, like Gecko) Chrome/90.0.4430.212 Mobile Safari/537.36"

info: ::1 - - [10/Jun/2021:13:34:04 +0000] "GET /api/v1/incidents HTTP/1.1" 304 - "http://localhost:3000/" "Mozilla/5.0 (Linux; Android 6.0; Nexus 5 Build/MRA58N) AppleWebKit/537.36 (KHTML, like Gecko) Chrome/90.0.4430.212 Mobile Safari/537.36"

info: ::1 - - [10/Jun/2021:13:43:15 +0000] "GET /api/v1/incidents HTTP/1.1" 304 - "http://localhost:3000/" "Mozilla/5.0 (Linux; Android 6.0; Nexus 5 Build/MRA58N) AppleWebKit/537.36 (KHTML, like Gecko) Chrome/90.0.4430.212 Mobile Safari/537.36"

info: ::1 - - [10/Jun/2021:13:44:34 +0000] "GET /api/v1/incidents HTTP/1.1" 304 - "http://localhost:3000/" "Mozilla/5.0 (Linux; Android 6.0; Nexus 5 Build/MRA58N) AppleWebKit/537.36 (KHTML, like Gecko) Chrome/90.0.4430.212 Mobile Safari/537.36"

info: ::1 - - [10/Jun/2021:13:45:20 +0000] "GET /api/v1/incidents HTTP/1.1" 304 - "http://localhost:3000/" "Mozilla/5.0 (Linux; Android 6.0; Nexus 5 Build/MRA58N) AppleWebKit/537.36 (KHTML, like Gecko) Chrome/90.0.4430.212 Mobile Safari/537.36"

info: ::1 - - [10/Jun/2021:13:45:55 +0000] "GET /api/v1/incidents HTTP/1.1" 304 - "http://localhost:3000/" "Mozilla/5.0 (Linux; Android 6.0; Nexus 5 Build/MRA58N) AppleWebKit/537.36 (KHTML, like Gecko) Chrome/90.0.4430.212 Mobile Safari/537.36"

info: ::1 - - [10/Jun/2021:13:46:08 +0000] "GET /api/v1/incidents HTTP/1.1" 304 - "http://localhost:3000/" "Mozilla/5.0 (Linux; Android 6.0; Nexus 5 Build/MRA58N) AppleWebKit/537.36 (KHTML, like Gecko) Chrome/90.0.4430.212 Mobile Safari/537.36"

info: ::1 - - [10/Jun/2021:13:46:17 +0000] "GET /api/v1/incidents HTTP/1.1" 304 - "http://localhost:3000/" "Mozilla/5.0 (Linux; Android 6.0; Nexus 5 Build/MRA58N) AppleWebKit/537.36 (KHTML, like Gecko) Chrome/90.0.4430.212 Mobile Safari/537.36"

info: ::1 - - [10/Jun/2021:13:46:53 +0000] "GET /api/v1/incidents HTTP/1.1" 304 - "http://localhost:3000/" "Mozilla/5.0 (Linux; Android 6.0; Nexus 5 Build/MRA58N) AppleWebKit/537.36 (KHTML, like Gecko) Chrome/90.0.4430.212 Mobile Safari/537.36"

info: ::1 - - [10/Jun/2021:13:47:36 +0000] "GET /api/v1/incidents HTTP/1.1" 304 - "http://localhost:3000/" "Mozilla/5.0 (Linux; Android 6.0; Nexus 5 Build/MRA58N) AppleWebKit/537.36 (KHTML, like Gecko) Chrome/90.0.4430.212 Mobile Safari/537.36"

info: ::1 - - [10/Jun/2021:13:55:51 +0000] "GET /api/v1/incidents HTTP/1.1" 304 - "http://localhost:3000/" "Mozilla/5.0 (Linux; Android 6.0; Nexus 5 Build/MRA58N) AppleWebKit/537.36 (KHTML, like Gecko) Chrome/90.0.4430.212 Mobile Safari/537.36"

info: ::1 - - [10/Jun/2021:14:03:38 +0000] "GET /api/v1/incidents HTTP/1.1" 304 - "http://localhost:3000/" "Mozilla/5.0 (Windows NT 10.0; Win64; x64) AppleWebKit/537.36 (KHTML, like Gecko) Chrome/90.0.4430.212 Safari/537.36 OPR/76.0.4017.177"

info: ::1 - - [10/Jun/2021:14:05:53 +0000] "GET /api/v1/incidents HTTP/1.1" 304 - "http://localhost:3000/" "Mozilla/5.0 (Linux; Android 6.0; Nexus 5 Build/MRA58N) AppleWebKit/537.36 (KHTML, like Gecko) Chrome/90.0.4430.212 Mobile Safari/537.36"

info: ::1 - - [10/Jun/2021:14:05:55 +0000] "GET /api/v1/incidents HTTP/1.1" 304 - "http://localhost:3000/" "Mozilla/5.0 (Linux; Android 6.0; Nexus 5 Build/MRA58N) AppleWebKit/537.36 (KHTML, like Gecko) Chrome/90.0.4430.212 Mobile Safari/537.36"

info: ::1 - - [10/Jun/2021:14:06:31 +0000] "GET /api/v1/incidents HTTP/1.1" 304 - "http://localhost:3000/" "Mozilla/5.0 (Linux; Android 6.0; Nexus 5 Build/MRA58N) AppleWebKit/537.36 (KHTML, like Gecko) Chrome/90.0.4430.212 Mobile Safari/537.36"

info: ::1 - - [10/Jun/2021:14:07:17 +0000] "GET /api/v1/incidents HTTP/1.1" 304 - "http://localhost:3000/" "Mozilla/5.0 (Linux; Android 6.0; Nexus 5 Build/MRA58N) AppleWebKit/537.36 (KHTML, like Gecko) Chrome/90.0.4430.212 Mobile Safari/537.36"

info: ::1 - - [10/Jun/2021:14:07:44 +0000] "GET /api/v1/incidents HTTP/1.1" 304 - "http://localhost:3000/" "Mozilla/5.0 (Linux; Android 6.0; Nexus 5 Build/MRA58N) AppleWebKit/537.36 (KHTML, like Gecko) Chrome/90.0.4430.212 Mobile Safari/537.36"

info: ::1 - - [10/Jun/2021:14:08:51 +0000] "GET /api/v1/incidents HTTP/1.1" 304 - "http://localhost:3000/" "Mozilla/5.0 (Linux; Android 6.0; Nexus 5 Build/MRA58N) AppleWebKit/537.36 (KHTML, like Gecko) Chrome/90.0.4430.212 Mobile Safari/537.36"

info: ::1 - - [10/Jun/2021:14:09:55 +0000] "GET /api/v1/incidents HTTP/1.1" 304 - "http://localhost:3000/" "Mozilla/5.0 (Linux; Android 6.0; Nexus 5 Build/MRA58N) AppleWebKit/537.36 (KHTML, like Gecko) Chrome/90.0.4430.212 Mobile Safari/537.36"

info: ::1 - - [10/Jun/2021:14:10:03 +0000] "GET /api/v1/incidents HTTP/1.1" 304 - "http://localhost:3000/" "Mozilla/5.0 (Linux; Android 6.0; Nexus 5 Build/MRA58N) AppleWebKit/537.36 (KHTML, like Gecko) Chrome/90.0.4430.212 Mobile Safari/537.36"

info: ::1 - - [10/Jun/2021:14:10:25 +0000] "GET /api/v1/incidents HTTP/1.1" 304 - "http://localhost:3000/" "Mozilla/5.0 (Linux; Android 6.0; Nexus 5 Build/MRA58N) AppleWebKit/537.36 (KHTML, like Gecko) Chrome/90.0.4430.212 Mobile Safari/537.36"

info: ::1 - - [10/Jun/2021:14:11:06 +0000] "GET /api/v1/incidents HTTP/1.1" 304 - "http://localhost:3000/" "Mozilla/5.0 (Linux; Android 6.0; Nexus 5 Build/MRA58N) AppleWebKit/537.36 (KHTML, like Gecko) Chrome/90.0.4430.212 Mobile Safari/537.36"

info: ::1 - - [10/Jun/2021:14:12:35 +0000] "GET /api/v1/incidents HTTP/1.1" 304 - "http://localhost:3000/" "Mozilla/5.0 (Linux; Android 6.0; Nexus 5 Build/MRA58N) AppleWebKit/537.36 (KHTML, like Gecko) Chrome/90.0.4430.212 Mobile Safari/537.36"

info: ::1 - - [10/Jun/2021:14:12:59 +0000] "GET /api/v1/incidents HTTP/1.1" 304 - "http://localhost:3000/" "Mozilla/5.0 (Linux; Android 6.0; Nexus 5 Build/MRA58N) AppleWebKit/537.36 (KHTML, like Gecko) Chrome/90.0.4430.212 Mobile Safari/537.36"

info: ::1 - - [10/Jun/2021:14:13:24 +0000] "GET /api/v1/incidents HTTP/1.1" 304 - "http://localhost:3000/" "Mozilla/5.0 (Linux; Android 6.0; Nexus 5 Build/MRA58N) AppleWebKit/537.36 (KHTML, like Gecko) Chrome/90.0.4430.212 Mobile Safari/537.36"

info: ::1 - - [10/Jun/2021:14:16:27 +0000] "GET /api/v1/incidents HTTP/1.1" 304 - "http://localhost:3000/" "Mozilla/5.0 (Linux; Android 6.0; Nexus 5 Build/MRA58N) AppleWebKit/537.36 (KHTML, like Gecko) Chrome/90.0.4430.212 Mobile Safari/537.36"

info: ::1 - - [10/Jun/2021:14:16:56 +0000] "GET /api/v1/incidents HTTP/1.1" 304 - "http://localhost:3000/" "Mozilla/5.0 (Linux; Android 6.0; Nexus 5 Build/MRA58N) AppleWebKit/537.36 (KHTML, like Gecko) Chrome/90.0.4430.212 Mobile Safari/537.36"

info: ::1 - - [10/Jun/2021:14:18:57 +0000] "GET /api/v1/incidents HTTP/1.1" 304 - "http://localhost:3000/" "Mozilla/5.0 (Linux; Android 6.0; Nexus 5 Build/MRA58N) AppleWebKit/537.36 (KHTML, like Gecko) Chrome/90.0.4430.212 Mobile Safari/537.36"

info: ::1 - - [10/Jun/2021:14:19:00 +0000] "GET /api/v1/incidents HTTP/1.1" 304 - "http://localhost:3000/" "Mozilla/5.0 (Linux; Android 6.0; Nexus 5 Build/MRA58N) AppleWebKit/537.36 (KHTML, like Gecko) Chrome/90.0.4430.212 Mobile Safari/537.36"

info: ::1 - - [10/Jun/2021:14:19:37 +0000] "GET /api/v1/incidents HTTP/1.1" 304 - "http://localhost:3000/" "Mozilla/5.0 (Linux; Android 6.0; Nexus 5 Build/MRA58N) AppleWebKit/537.36 (KHTML, like Gecko) Chrome/90.0.4430.212 Mobile Safari/537.36"

info: ::1 - - [10/Jun/2021:14:22:36 +0000] "GET /api/v1/incidents HTTP/1.1" 304 - "http://localhost:3000/" "Mozilla/5.0 (Linux; Android 6.0; Nexus 5 Build/MRA58N) AppleWebKit/537.36 (KHTML, like Gecko) Chrome/90.0.4430.212 Mobile Safari/537.36"

info: ::1 - - [10/Jun/2021:14:24:07 +0000] "GET /api/v1/incidents HTTP/1.1" 304 - "http://localhost:3000/" "Mozilla/5.0 (Linux; Android 6.0; Nexus 5 Build/MRA58N) AppleWebKit/537.36 (KHTML, like Gecko) Chrome/90.0.4430.212 Mobile Safari/537.36"

info: ::1 - - [10/Jun/2021:14:24:52 +0000] "GET /api/v1/incidents HTTP/1.1" 304 - "http://localhost:3000/" "Mozilla/5.0 (Linux; Android 6.0; Nexus 5 Build/MRA58N) AppleWebKit/537.36 (KHTML, like Gecko) Chrome/90.0.4430.212 Mobile Safari/537.36"

info: ::1 - - [10/Jun/2021:14:25:07 +0000] "GET /api/v1/incidents HTTP/1.1" 304 - "http://localhost:3000/" "Mozilla/5.0 (Linux; Android 6.0; Nexus 5 Build/MRA58N) AppleWebKit/537.36 (KHTML, like Gecko) Chrome/90.0.4430.212 Mobile Safari/537.36"

info: ::1 - - [10/Jun/2021:14:32:56 +0000] "GET /api/v1/incidents HTTP/1.1" 304 - "http://localhost:3000/" "Mozilla/5.0 (Linux; Android 6.0; Nexus 5 Build/MRA58N) AppleWebKit/537.36 (KHTML, like Gecko) Chrome/90.0.4430.212 Mobile Safari/537.36"

info: ::1 - - [10/Jun/2021:14:33:20 +0000] "GET /api/v1/incidents HTTP/1.1" 304 - "http://localhost:3000/" "Mozilla/5.0 (Linux; Android 6.0; Nexus 5 Build/MRA58N) AppleWebKit/537.36 (KHTML, like Gecko) Chrome/90.0.4430.212 Mobile Safari/537.36"

info: ::1 - - [10/Jun/2021:14:34:26 +0000] "GET /api/v1/incidents HTTP/1.1" 304 - "http://localhost:3000/" "Mozilla/5.0 (Linux; Android 6.0; Nexus 5 Build/MRA58N) AppleWebKit/537.36 (KHTML, like Gecko) Chrome/90.0.4430.212 Mobile Safari/537.36"

info: ::1 - - [10/Jun/2021:14:34:50 +0000] "GET /api/v1/incidents HTTP/1.1" 304 - "http://localhost:3000/" "Mozilla/5.0 (Linux; Android 6.0; Nexus 5 Build/MRA58N) AppleWebKit/537.36 (KHTML, like Gecko) Chrome/90.0.4430.212 Mobile Safari/537.36"

info: ::1 - - [10/Jun/2021:14:35:02 +0000] "GET /api/v1/incidents HTTP/1.1" 304 - "http://localhost:3000/" "Mozilla/5.0 (Linux; Android 6.0; Nexus 5 Build/MRA58N) AppleWebKit/537.36 (KHTML, like Gecko) Chrome/90.0.4430.212 Mobile Safari/537.36"

info: ::1 - - [10/Jun/2021:14:35:49 +0000] "GET /api/v1/incidents HTTP/1.1" 304 - "http://localhost:3000/" "Mozilla/5.0 (Linux; Android 6.0; Nexus 5 Build/MRA58N) AppleWebKit/537.36 (KHTML, like Gecko) Chrome/90.0.4430.212 Mobile Safari/537.36"

info: ::1 - - [10/Jun/2021:14:37:33 +0000] "GET /api/v1/incidents HTTP/1.1" 304 - "http://localhost:3000/" "Mozilla/5.0 (Linux; Android 6.0; Nexus 5 Build/MRA58N) AppleWebKit/537.36 (KHTML, like Gecko) Chrome/90.0.4430.212 Mobile Safari/537.36"

info: ::1 - - [10/Jun/2021:14:38:13 +0000] "GET /api/v1/incidents HTTP/1.1" 304 - "http://localhost:3000/" "Mozilla/5.0 (Linux; Android 6.0; Nexus 5 Build/MRA58N) AppleWebKit/537.36 (KHTML, like Gecko) Chrome/90.0.4430.212 Mobile Safari/537.36"

info: ::1 - - [10/Jun/2021:14:38:22 +0000] "GET /api/v1/incidents HTTP/1.1" 304 - "http://localhost:3000/" "Mozilla/5.0 (Linux; Android 6.0; Nexus 5 Build/MRA58N) AppleWebKit/537.36 (KHTML, like Gecko) Chrome/90.0.4430.212 Mobile Safari/537.36"

info: ::1 - - [10/Jun/2021:14:38:54 +0000] "GET /api/v1/incidents HTTP/1.1" 304 - "http://localhost:3000/" "Mozilla/5.0 (Linux; Android 6.0; Nexus 5 Build/MRA58N) AppleWebKit/537.36 (KHTML, like Gecko) Chrome/90.0.4430.212 Mobile Safari/537.36"

info: ::1 - - [10/Jun/2021:14:38:57 +0000] "GET /api/v1/incidents HTTP/1.1" 304 - "http://localhost:3000/" "Mozilla/5.0 (Linux; Android 6.0; Nexus 5 Build/MRA58N) AppleWebKit/537.36 (KHTML, like Gecko) Chrome/90.0.4430.212 Mobile Safari/537.36"

info: ::1 - - [10/Jun/2021:14:39:03 +0000] "GET /api/v1/incidents HTTP/1.1" 304 - "http://localhost:3000/" "Mozilla/5.0 (Linux; Android 6.0; Nexus 5 Build/MRA58N) AppleWebKit/537.36 (KHTML, like Gecko) Chrome/90.0.4430.212 Mobile Safari/537.36"

info: ::1 - - [10/Jun/2021:14:39:46 +0000] "GET /api/v1/incidents HTTP/1.1" 304 - "http://localhost:3000/" "Mozilla/5.0 (Linux; Android 6.0; Nexus 5 Build/MRA58N) AppleWebKit/537.36 (KHTML, like Gecko) Chrome/90.0.4430.212 Mobile Safari/537.36"

info: ::1 - - [10/Jun/2021:14:40:48 +0000] "GET /api/v1/incidents HTTP/1.1" 304 - "http://localhost:3000/" "Mozilla/5.0 (Linux; Android 6.0; Nexus 5 Build/MRA58N) AppleWebKit/537.36 (KHTML, like Gecko) Chrome/90.0.4430.212 Mobile Safari/537.36"

info: ::1 - - [10/Jun/2021:14:40:52 +0000] "GET /api/v1/incidents HTTP/1.1" 304 - "http://localhost:3000/" "Mozilla/5.0 (Linux; Android 6.0; Nexus 5 Build/MRA58N) AppleWebKit/537.36 (KHTML, like Gecko) Chrome/90.0.4430.212 Mobile Safari/537.36"

info: ::1 - - [10/Jun/2021:14:40:55 +0000] "GET /api/v1/incidents HTTP/1.1" 304 - "http://localhost:3000/" "Mozilla/5.0 (Linux; Android 6.0; Nexus 5 Build/MRA58N) AppleWebKit/537.36 (KHTML, like Gecko) Chrome/90.0.4430.212 Mobile Safari/537.36"

info: ::1 - - [10/Jun/2021:14:40:58 +0000] "GET /api/v1/incidents HTTP/1.1" 304 - "http://localhost:3000/" "Mozilla/5.0 (Linux; Android 6.0; Nexus 5 Build/MRA58N) AppleWebKit/537.36 (KHTML, like Gecko) Chrome/90.0.4430.212 Mobile Safari/537.36"

info: ::1 - - [10/Jun/2021:14:41:01 +0000] "GET /api/v1/incidents HTTP/1.1" 304 - "http://localhost:3000/" "Mozilla/5.0 (Linux; Android 6.0; Nexus 5 Build/MRA58N) AppleWebKit/537.36 (KHTML, like Gecko) Chrome/90.0.4430.212 Mobile Safari/537.36"

info: ::1 - - [10/Jun/2021:14:42:14 +0000] "POST /api/v1/incidents HTTP/1.1" 201 716 "http://localhost:3000/" "Mozilla/5.0 (Linux; Android 6.0; Nexus 5 Build/MRA58N) AppleWebKit/537.36 (KHTML, like Gecko) Chrome/90.0.4430.212 Mobile Safari/537.36"

info: ::1 - - [10/Jun/2021:14:42:16 +0000] "GET /api/v1/incidents HTTP/1.1" 200 1453 "http://localhost:3000/" "Mozilla/5.0 (Linux; Android 6.0; Nexus 5 Build/MRA58N) AppleWebKit/537.36 (KHTML, like Gecko) Chrome/90.0.4430.212 Mobile Safari/537.36"

info: ::1 - - [10/Jun/2021:14:46:03 +0000] "GET /api/v1/incidents HTTP/1.1" 304 - "http://localhost:3000/" "Mozilla/5.0 (Windows NT 10.0; Win64; x64) AppleWebKit/537.36 (KHTML, like Gecko) Chrome/90.0.4430.212 Safari/537.36 OPR/76.0.4017.177"

info: ::1 - - [10/Jun/2021:14:47:20 +0000] "GET /api/v1/incidents HTTP/1.1" 304 - "http://localhost:3000/" "Mozilla/5.0 (Windows NT 10.0; Win64; x64) AppleWebKit/537.36 (KHTML, like Gecko) Chrome/90.0.4430.212 Safari/537.36 OPR/76.0.4017.177"

info: ::1 - - [10/Jun/2021:14:47:28 +0000] "PUT /api/v1/incidents/5 HTTP/1.1" 202 914 "http://localhost:3000/" "Mozilla/5.0 (Windows NT 10.0; Win64; x64) AppleWebKit/537.36 (KHTML, like Gecko) Chrome/90.0.4430.212 Safari/537.36 OPR/76.0.4017.177"

info: ::1 - - [10/Jun/2021:14:47:34 +0000] "GET /api/v1/incidents HTTP/1.1" 200 1474 "http://localhost:3000/" "Mozilla/5.0 (Windows NT 10.0; Win64; x64) AppleWebKit/537.36 (KHTML, like Gecko) Chrome/90.0.4430.212 Safari/537.36 OPR/76.0.4017.177"

info: ::1 - - [10/Jun/2021:14:48:05 +0000] "PUT /api/v1/incidents/5 HTTP/1.1" 202 878 "http://localhost:3000/" "Mozilla/5.0 (Windows NT 10.0; Win64; x64) AppleWebKit/537.36 (KHTML, like Gecko) Chrome/90.0.4430.212 Safari/537.36 OPR/76.0.4017.177"

info: ::1 - - [10/Jun/2021:14:48:41 +0000] "GET /api/v1/incidents HTTP/1.1" 200 1474 "http://localhost:3000/" "Mozilla/5.0 (Windows NT 10.0; Win64; x64) AppleWebKit/537.36 (KHTML, like Gecko) Chrome/90.0.4430.212 Safari/537.36 OPR/76.0.4017.177"

info: ::1 - - [10/Jun/2021:14:59:07 +0000] "GET /api/v1/incidents HTTP/1.1" 304 - "http://localhost:3000/" "Mozilla/5.0 (Linux; Android 6.0; Nexus 5 Build/MRA58N) AppleWebKit/537.36 (KHTML, like Gecko) Chrome/90.0.4430.212 Mobile Safari/537.36"

info: ::1 - - [10/Jun/2021:14:59:28 +0000] "GET /api/v1/incidents HTTP/1.1" 304 - "http://localhost:3000/" "Mozilla/5.0 (Linux; Android 6.0; Nexus 5 Build/MRA58N) AppleWebKit/537.36 (KHTML, like Gecko) Chrome/90.0.4430.212 Mobile Safari/537.36"

info: ::1 - - [10/Jun/2021:14:59:34 +0000] "GET /api/v1/incidents HTTP/1.1" 304 - "http://localhost:3000/" "Mozilla/5.0 (Linux; Android 6.0; Nexus 5 Build/MRA58N) AppleWebKit/537.36 (KHTML, like Gecko) Chrome/90.0.4430.212 Mobile Safari/537.36"

info: ::1 - - [10/Jun/2021:14:59:52 +0000] "GET /api/v1/incidents HTTP/1.1" 304 - "http://localhost:3000/" "Mozilla/5.0 (Linux; Android 6.0; Nexus 5 Build/MRA58N) AppleWebKit/537.36 (KHTML, like Gecko) Chrome/90.0.4430.212 Mobile Safari/537.36"

info: ::1 - - [10/Jun/2021:15:00:21 +0000] "GET /api/v1/incidents HTTP/1.1" 304 - "http://localhost:3000/" "Mozilla/5.0 (Linux; Android 6.0; Nexus 5 Build/MRA58N) AppleWebKit/537.36 (KHTML, like Gecko) Chrome/90.0.4430.212 Mobile Safari/537.36"

info: ::1 - - [10/Jun/2021:15:04:47 +0000] "GET /api/v1/incidents HTTP/1.1" 304 - "http://localhost:3000/" "Mozilla/5.0 (Linux; Android 6.0; Nexus 5 Build/MRA58N) AppleWebKit/537.36 (KHTML, like Gecko) Chrome/90.0.4430.212 Mobile Safari/537.36"

info: ::1 - - [10/Jun/2021:15:19:03 +0000] "GET /api/v1/incidents HTTP/1.1" 304 - "http://localhost:3000/" "Mozilla/5.0 (Linux; Android 6.0; Nexus 5 Build/MRA58N) AppleWebKit/537.36 (KHTML, like Gecko) Chrome/90.0.4430.212 Mobile Safari/537.36"

info: ::1 - - [10/Jun/2021:15:21:22 +0000] "GET /api/v1/incidents HTTP/1.1" 200 65 "http://localhost:3000/" "Mozilla/5.0 (Linux; Android 6.0; Nexus 5 Build/MRA58N) AppleWebKit/537.36 (KHTML, like Gecko) Chrome/90.0.4430.212 Mobile Safari/537.36"

info: ::1 - - [10/Jun/2021:15:21:55 +0000] "POST /api/v1/incidents HTTP/1.1" 201 299 "http://localhost:3000/" "Mozilla/5.0 (Linux; Android 6.0; Nexus 5 Build/MRA58N) AppleWebKit/537.36 (KHTML, like Gecko) Chrome/90.0.4430.212 Mobile Safari/537.36"

info: ::1 - - [10/Jun/2021:15:21:57 +0000] "GET /api/v1/incidents HTTP/1.1" 200 316 "http://localhost:3000/" "Mozilla/5.0 (Linux; Android 6.0; Nexus 5 Build/MRA58N) AppleWebKit/537.36 (KHTML, like Gecko) Chrome/90.0.4430.212 Mobile Safari/537.36"

info: ::1 - - [10/Jun/2021:15:23:19 +0000] "POST /api/v1/incidents HTTP/1.1" 201 302 "http://localhost:3000/" "Mozilla/5.0 (Linux; Android 6.0; Nexus 5 Build/MRA58N) AppleWebKit/537.36 (KHTML, like Gecko) Chrome/90.0.4430.212 Mobile Safari/537.36"

info: ::1 - - [10/Jun/2021:15:23:20 +0000] "GET /api/v1/incidents HTTP/1.1" 200 571 "http://localhost:3000/" "Mozilla/5.0 (Linux; Android 6.0; Nexus 5 Build/MRA58N) AppleWebKit/537.36 (KHTML, like Gecko) Chrome/90.0.4430.212 Mobile Safari/537.36"

info: ::1 - - [10/Jun/2021:15:24:17 +0000] "PUT /api/v1/incidents/2 HTTP/1.1" 202 314 "http://localhost:3000/" "Mozilla/5.0 (Linux; Android 6.0; Nexus 5 Build/MRA58N) AppleWebKit/537.36 (KHTML, like Gecko) Chrome/90.0.4430.212 Mobile Safari/537.36"

info: ::1 - - [10/Jun/2021:15:24:27 +0000] "PUT /api/v1/incidents/2 HTTP/1.1" 202 314 "http://localhost:3000/" "Mozilla/5.0 (Linux; Android 6.0; Nexus 5 Build/MRA58N) AppleWebKit/537.36 (KHTML, like Gecko) Chrome/90.0.4430.212 Mobile Safari/537.36"

info: ::1 - - [10/Jun/2021:15:26:31 +0000] "GET /api/v1/incidents HTTP/1.1" 200 569 "http://localhost:3000/" "Mozilla/5.0 (Linux; Android 6.0; Nexus 5 Build/MRA58N) AppleWebKit/537.36 (KHTML, like Gecko) Chrome/90.0.4430.212 Mobile Safari/537.36"

info: ::1 - - [10/Jun/2021:15:26:37 +0000] "PUT /api/v1/incidents/2 HTTP/1.1" 202 314 "http://localhost:3000/" "Mozilla/5.0 (Linux; Android 6.0; Nexus 5 Build/MRA58N) AppleWebKit/537.36 (KHTML, like Gecko) Chrome/90.0.4430.212 Mobile Safari/537.36"

info: ::1 - - [10/Jun/2021:15:26:51 +0000] "GET /api/v1/incidents HTTP/1.1" 200 569 "http://localhost:3000/" "Mozilla/5.0 (Linux; Android 6.0; Nexus 5 Build/MRA58N) AppleWebKit/537.36 (KHTML, like Gecko) Chrome/90.0.4430.212 Mobile Safari/537.36"

info: ::1 - - [10/Jun/2021:15:28:22 +0000] "PUT /api/v1/incidents/2 HTTP/1.1" 202 314 "http://localhost:3000/" "Mozilla/5.0 (Linux; Android 6.0; Nexus 5 Build/MRA58N) AppleWebKit/537.36 (KHTML, like Gecko) Chrome/90.0.4430.212 Mobile Safari/537.36"

info: ::1 - - [10/Jun/2021:15:28:30 +0000] "PUT /api/v1/incidents/2 HTTP/1.1" 202 320 "http://localhost:3000/" "Mozilla/5.0 (Linux; Android 6.0; Nexus 5 Build/MRA58N) AppleWebKit/537.36 (KHTML, like Gecko) Chrome/90.0.4430.212 Mobile Safari/537.36"

info: ::1 - - [10/Jun/2021:15:28:37 +0000] "PUT /api/v1/incidents/2 HTTP/1.1" 202 314 "http://localhost:3000/" "Mozilla/5.0 (Linux; Android 6.0; Nexus 5 Build/MRA58N) AppleWebKit/537.36 (KHTML, like Gecko) Chrome/90.0.4430.212 Mobile Safari/537.36"

info: ::1 - - [10/Jun/2021:15:29:04 +0000] "GET /api/v1/incidents HTTP/1.1" 200 569 "http://localhost:3000/" "Mozilla/5.0 (Linux; Android 6.0; Nexus 5 Build/MRA58N) AppleWebKit/537.36 (KHTML, like Gecko) Chrome/90.0.4430.212 Mobile Safari/537.36"

info: ::1 - - [10/Jun/2021:15:29:10 +0000] "PUT /api/v1/incidents/2 HTTP/1.1" 202 320 "http://localhost:3000/" "Mozilla/5.0 (Linux; Android 6.0; Nexus 5 Build/MRA58N) AppleWebKit/537.36 (KHTML, like Gecko) Chrome/90.0.4430.212 Mobile Safari/537.36"

info: ::1 - - [10/Jun/2021:15:29:25 +0000] "PUT /api/v1/incidents/2 HTTP/1.1" 202 328 "http://localhost:3000/" "Mozilla/5.0 (Linux; Android 6.0; Nexus 5 Build/MRA58N) AppleWebKit/537.36 (KHTML, like Gecko) Chrome/90.0.4430.212 Mobile Safari/537.36"

info: ::1 - - [10/Jun/2021:15:30:18 +0000] "GET /api/v1/incidents HTTP/1.1" 200 583 "http://localhost:3000/" "Mozilla/5.0 (Linux; Android 6.0; Nexus 5 Build/MRA58N) AppleWebKit/537.36 (KHTML, like Gecko) Chrome/90.0.4430.212 Mobile Safari/537.36"

info: ::1 - - [10/Jun/2021:15:30:28 +0000] "PUT /api/v1/incidents/2 HTTP/1.1" 202 328 "http://localhost:3000/" "Mozilla/5.0 (Linux; Android 6.0; Nexus 5 Build/MRA58N) AppleWebKit/537.36 (KHTML, like Gecko) Chrome/90.0.4430.212 Mobile Safari/537.36"

info: ::1 - - [10/Jun/2021:15:30:40 +0000] "PUT /api/v1/incidents/2 HTTP/1.1" 202 334 "http://localhost:3000/" "Mozilla/5.0 (Linux; Android 6.0; Nexus 5 Build/MRA58N) AppleWebKit/537.36 (KHTML, like Gecko) Chrome/90.0.4430.212 Mobile Safari/537.36"

info: ::1 - - [10/Jun/2021:15:30:51 +0000] "PUT /api/v1/incidents/2 HTTP/1.1" 202 328 "http://localhost:3000/" "Mozilla/5.0 (Linux; Android 6.0; Nexus 5 Build/MRA58N) AppleWebKit/537.36 (KHTML, like Gecko) Chrome/90.0.4430.212 Mobile Safari/537.36"

info: ::1 - - [10/Jun/2021:15:32:59 +0000] "GET /api/v1/incidents HTTP/1.1" 200 583 "http://localhost:3000/" "Mozilla/5.0 (Linux; Android 6.0; Nexus 5 Build/MRA58N) AppleWebKit/537.36 (KHTML, like Gecko) Chrome/90.0.4430.212 Mobile Safari/537.36"

info: ::1 - - [10/Jun/2021:15:33:34 +0000] "GET /api/v1/incidents HTTP/1.1" 304 - "http://localhost:3000/" "Mozilla/5.0 (Linux; Android 6.0; Nexus 5 Build/MRA58N) AppleWebKit/537.36 (KHTML, like Gecko) Chrome/90.0.4430.212 Mobile Safari/537.36"

info: ::1 - - [10/Jun/2021:15:33:46 +0000] "DELETE /api/v1/incidents/2 HTTP/1.1" 200 328 "http://localhost:3000/" "Mozilla/5.0 (Linux; Android 6.0; Nexus 5 Build/MRA58N) AppleWebKit/537.36 (KHTML, like Gecko) Chrome/90.0.4430.212 Mobile Safari/537.36"

info: ::1 - - [10/Jun/2021:15:33:51 +0000] "GET /api/v1/incidents HTTP/1.1" 200 316 "http://localhost:3000/" "Mozilla/5.0 (Linux; Android 6.0; Nexus 5 Build/MRA58N) AppleWebKit/537.36 (KHTML, like Gecko) Chrome/90.0.4430.212 Mobile Safari/537.36"

info: ::1 - - [10/Jun/2021:15:38:36 +0000] "GET /api/v1/incidents HTTP/1.1" 304 - "http://localhost:3000/" "Mozilla/5.0 (Linux; Android 6.0; Nexus 5 Build/MRA58N) AppleWebKit/537.36 (KHTML, like Gecko) Chrome/90.0.4430.212 Mobile Safari/537.36"

info: ::1 - - [10/Jun/2021:15:38:37 +0000] "GET /api/v1/incidents HTTP/1.1" 304 - "http://localhost:3000/" "Mozilla/5.0 (Linux; Android 6.0; Nexus 5 Build/MRA58N) AppleWebKit/537.36 (KHTML, like Gecko) Chrome/90.0.4430.212 Mobile Safari/537.36"

info: ::1 - - [10/Jun/2021:15:38:41 +0000] "GET /api/v1/incidents HTTP/1.1" 304 - "http://localhost:3000/" "Mozilla/5.0 (Linux; Android 6.0; Nexus 5 Build/MRA58N) AppleWebKit/537.36 (KHTML, like Gecko) Chrome/90.0.4430.212 Mobile Safari/537.36"

info: ::1 - - [10/Jun/2021:15:39:04 +0000] "GET /api/v1/incidents HTTP/1.1" 304 - "http://localhost:3000/" "Mozilla/5.0 (Linux; Android 6.0; Nexus 5 Build/MRA58N) AppleWebKit/537.36 (KHTML, like Gecko) Chrome/90.0.4430.212 Mobile Safari/537.36"

info: ::1 - - [10/Jun/2021:15:39:16 +0000] "GET /api/v1/incidents HTTP/1.1" 304 - "http://localhost:3000/" "Mozilla/5.0 (Linux; Android 6.0; Nexus 5 Build/MRA58N) AppleWebKit/537.36 (KHTML, like Gecko) Chrome/90.0.4430.212 Mobile Safari/537.36"

info: ::1 - - [10/Jun/2021:15:39:30 +0000] "GET /api/v1/incidents HTTP/1.1" 304 - "http://localhost:3000/" "Mozilla/5.0 (Linux; Android 6.0; Nexus 5 Build/MRA58N) AppleWebKit/537.36 (KHTML, like Gecko) Chrome/90.0.4430.212 Mobile Safari/537.36"

info: ::1 - - [10/Jun/2021:15:39:32 +0000] "GET /api/v1/incidents HTTP/1.1" 304 - "http://localhost:3000/" "Mozilla/5.0 (Linux; Android 6.0; Nexus 5 Build/MRA58N) AppleWebKit/537.36 (KHTML, like Gecko) Chrome/90.0.4430.212 Mobile Safari/537.36"

info: ::1 - - [10/Jun/2021:15:43:42 +0000] "POST /api/v1/incidents HTTP/1.1" 201 253 "http://localhost:3000/" "Mozilla/5.0 (Linux; Android 6.0; Nexus 5 Build/MRA58N) AppleWebKit/537.36 (KHTML, like Gecko) Chrome/90.0.4430.212 Mobile Safari/537.36"

info: ::1 - - [10/Jun/2021:15:44:03 +0000] "POST /api/v1/incidents HTTP/1.1" 201 253 "http://localhost:3000/" "Mozilla/5.0 (Linux; Android 6.0; Nexus 5 Build/MRA58N) AppleWebKit/537.36 (KHTML, like Gecko) Chrome/90.0.4430.212 Mobile Safari/537.36"

info: ::1 - - [10/Jun/2021:15:44:32 +0000] "POST /api/v1/incidents HTTP/1.1" 201 252 "http://localhost:3000/" "Mozilla/5.0 (Linux; Android 6.0; Nexus 5 Build/MRA58N) AppleWebKit/537.36 (KHTML, like Gecko) Chrome/90.0.4430.212 Mobile Safari/537.36"

info: ::1 - - [10/Jun/2021:15:46:37 +0000] "POST /api/v1/incidents HTTP/1.1" 201 253 "http://localhost:3000/" "Mozilla/5.0 (Linux; Android 6.0; Nexus 5 Build/MRA58N) AppleWebKit/537.36 (KHTML, like Gecko) Chrome/90.0.4430.212 Mobile Safari/537.36"

info: ::1 - - [10/Jun/2021:15:48:42 +0000] "POST /api/v1/incidents HTTP/1.1" 201 254 "http://localhost:3000/" "Mozilla/5.0 (Linux; Android 6.0; Nexus 5 Build/MRA58N) AppleWebKit/537.36 (KHTML, like Gecko) Chrome/90.0.4430.212 Mobile Safari/537.36"

info: ::1 - - [10/Jun/2021:15:48:51 +0000] "POST /api/v1/incidents HTTP/1.1" 201 253 "http://localhost:3000/" "Mozilla/5.0 (Linux; Android 6.0; Nexus 5 Build/MRA58N) AppleWebKit/537.36 (KHTML, like Gecko) Chrome/90.0.4430.212 Mobile Safari/537.36"

info: ::1 - - [10/Jun/2021:15:49:15 +0000] "GET /api/v1/incidents HTTP/1.1" 200 1552 "http://localhost:3000/" "Mozilla/5.0 (Linux; Android 6.0; Nexus 5 Build/MRA58N) AppleWebKit/537.36 (KHTML, like Gecko) Chrome/90.0.4430.212 Mobile Safari/537.36"

info: ::1 - - [10/Jun/2021:15:49:31 +0000] "GET /api/v1/incidents HTTP/1.1" 304 - "http://localhost:3000/" "Mozilla/5.0 (Linux; Android 6.0; Nexus 5 Build/MRA58N) AppleWebKit/537.36 (KHTML, like Gecko) Chrome/90.0.4430.212 Mobile Safari/537.36"

info: ::1 - - [10/Jun/2021:15:50:30 +0000] "POST /api/v1/incidents HTTP/1.1" 201 256 "http://localhost:3000/" "Mozilla/5.0 (Linux; Android 6.0; Nexus 5 Build/MRA58N) AppleWebKit/537.36 (KHTML, like Gecko) Chrome/90.0.4430.212 Mobile Safari/537.36"

info: ::1 - - [10/Jun/2021:15:50:32 +0000] "GET /api/v1/incidents HTTP/1.1" 200 1761 "http://localhost:3000/" "Mozilla/5.0 (Linux; Android 6.0; Nexus 5 Build/MRA58N) AppleWebKit/537.36 (KHTML, like Gecko) Chrome/90.0.4430.212 Mobile Safari/537.36"

info: ::1 - - [10/Jun/2021:15:51:35 +0000] "PUT /api/v1/incidents/1 HTTP/1.1" 202 299 "http://localhost:3000/" "Mozilla/5.0 (Linux; Android 6.0; Nexus 5 Build/MRA58N) AppleWebKit/537.36 (KHTML, like Gecko) Chrome/90.0.4430.212 Mobile Safari/537.36"

info: ::1 - - [10/Jun/2021:15:51:44 +0000] "GET /api/v1/incidents HTTP/1.1" 200 1747 "http://localhost:3000/" "Mozilla/5.0 (Linux; Android 6.0; Nexus 5 Build/MRA58N) AppleWebKit/537.36 (KHTML, like Gecko) Chrome/90.0.4430.212 Mobile Safari/537.36"

info: ::1 - - [10/Jun/2021:15:51:52 +0000] "GET /api/v1/incidents HTTP/1.1" 304 - "http://localhost:3000/" "Mozilla/5.0 (Linux; Android 6.0; Nexus 5 Build/MRA58N) AppleWebKit/537.36 (KHTML, like Gecko) Chrome/90.0.4430.212 Mobile Safari/537.36"

info: ::1 - - [10/Jun/2021:20:55:57 +0000] "GET /api/v1/incidents HTTP/1.1" 304 - "http://localhost:3000/" "Mozilla/5.0 (Windows NT 10.0; Win64; x64) AppleWebKit/537.36 (KHTML, like Gecko) Chrome/90.0.4430.212 Safari/537.36 OPR/76.0.4017.177"

info: ::1 - - [10/Jun/2021:20:55:59 +0000] "GET /api/v1/incidents HTTP/1.1" 304 - "http://localhost:3000/" "Mozilla/5.0 (Windows NT 10.0; Win64; x64) AppleWebKit/537.36 (KHTML, like Gecko) Chrome/90.0.4430.212 Safari/537.36 OPR/76.0.4017.177"

info: ::1 - - [10/Jun/2021:20:56:24 +0000] "GET /api/v1/incidents HTTP/1.1" 304 - "http://localhost:3000/" "Mozilla/5.0 (Windows NT 10.0; Win64; x64) AppleWebKit/537.36 (KHTML, like Gecko) Chrome/90.0.4430.212 Safari/537.36 OPR/76.0.4017.177"

info: ::1 - - [10/Jun/2021:20:57:36 +0000] "GET /api/v1/incidents HTTP/1.1" 200 65 "http://localhost:3000/" "Mozilla/5.0 (Windows NT 10.0; Win64; x64) AppleWebKit/537.36 (KHTML, like Gecko) Chrome/90.0.4430.212 Safari/537.36 OPR/76.0.4017.177"

info: ::1 - - [10/Jun/2021:20:58:46 +0000] "GET /api/v1/incidents HTTP/1.1" 304 - "http://localhost:3000/" "Mozilla/5.0 (Windows NT 10.0; Win64; x64) AppleWebKit/537.36 (KHTML, like Gecko) Chrome/90.0.4430.212 Safari/537.36 OPR/76.0.4017.177"

info: ::1 - - [10/Jun/2021:21:00:31 +0000] "POST /api/v1/incidents HTTP/1.1" 201 324 "http://localhost:3000/" "Mozilla/5.0 (Windows NT 10.0; Win64; x64) AppleWebKit/537.36 (KHTML, like Gecko) Chrome/90.0.4430.212 Safari/537.36 OPR/76.0.4017.177"

info: ::1 - - [10/Jun/2021:21:00:33 +0000] "GET /api/v1/incidents HTTP/1.1" 200 341 "http://localhost:3000/" "Mozilla/5.0 (Windows NT 10.0; Win64; x64) AppleWebKit/537.36 (KHTML, like Gecko) Chrome/90.0.4430.212 Safari/537.36 OPR/76.0.4017.177"

info: ::1 - - [10/Jun/2021:21:01:17 +0000] "POST /api/v1/incidents HTTP/1.1" 201 308 "http://localhost:3000/" "Mozilla/5.0 (Windows NT 10.0; Win64; x64) AppleWebKit/537.36 (KHTML, like Gecko) Chrome/90.0.4430.212 Safari/537.36 OPR/76.0.4017.177"

info: ::1 - - [10/Jun/2021:21:01:19 +0000] "GET /api/v1/incidents HTTP/1.1" 200 602 "http://localhost:3000/" "Mozilla/5.0 (Windows NT 10.0; Win64; x64) AppleWebKit/537.36 (KHTML, like Gecko) Chrome/90.0.4430.212 Safari/537.36 OPR/76.0.4017.177"

info: ::1 - - [10/Jun/2021:21:01:42 +0000] "GET /api/v1/incidents HTTP/1.1" 304 - "http://localhost:3000/" "Mozilla/5.0 (Windows NT 10.0; Win64; x64) AppleWebKit/537.36 (KHTML, like Gecko) Chrome/90.0.4430.212 Safari/537.36 OPR/76.0.4017.177"

info: ::1 - - [10/Jun/2021:21:01:45 +0000] "GET /api/v1/incidents HTTP/1.1" 304 - "http://localhost:3000/" "Mozilla/5.0 (Windows NT 10.0; Win64; x64) AppleWebKit/537.36 (KHTML, like Gecko) Chrome/90.0.4430.212 Safari/537.36 OPR/76.0.4017.177"

info: ::1 - - [10/Jun/2021:21:01:55 +0000] "GET /api/v1/incidents HTTP/1.1" 304 - "http://localhost:3000/" "Mozilla/5.0 (Windows NT 10.0; Win64; x64) AppleWebKit/537.36 (KHTML, like Gecko) Chrome/90.0.4430.212 Safari/537.36 OPR/76.0.4017.177"

info: ::1 - - [10/Jun/2021:21:04:04 +0000] "GET /api/v1/incidents HTTP/1.1" 304 - "http://localhost:3000/" "Mozilla/5.0 (Windows NT 10.0; Win64; x64) AppleWebKit/537.36 (KHTML, like Gecko) Chrome/90.0.4430.212 Safari/537.36 OPR/76.0.4017.177"

info: ::1 - - [10/Jun/2021:21:04:28 +0000] "GET /api/v1/incidents HTTP/1.1" 304 - "http://localhost:3000/" "Mozilla/5.0 (Windows NT 10.0; Win64; x64) AppleWebKit/537.36 (KHTML, like Gecko) Chrome/90.0.4430.212 Safari/537.36 OPR/76.0.4017.177"

info: ::1 - - [10/Jun/2021:21:04:43 +0000] "GET /api/v1/incidents HTTP/1.1" 304 - "http://localhost:3000/" "Mozilla/5.0 (Windows NT 10.0; Win64; x64) AppleWebKit/537.36 (KHTML, like Gecko) Chrome/90.0.4430.212 Safari/537.36 OPR/76.0.4017.177"

info: ::1 - - [10/Jun/2021:21:05:41 +0000] "GET /api/v1/incidents HTTP/1.1" 304 - "http://localhost:3000/" "Mozilla/5.0 (Windows NT 10.0; Win64; x64) AppleWebKit/537.36 (KHTML, like Gecko) Chrome/90.0.4430.212 Safari/537.36 OPR/76.0.4017.177"

info: ::1 - - [10/Jun/2021:21:06:57 +0000] "GET /api/v1/incidents HTTP/1.1" 304 - "http://localhost:3000/" "Mozilla/5.0 (Windows NT 10.0; Win64; x64) AppleWebKit/537.36 (KHTML, like Gecko) Chrome/90.0.4430.212 Safari/537.36 OPR/76.0.4017.177"

info: ::1 - - [10/Jun/2021:21:07:02 +0000] "GET /api/v1/incidents HTTP/1.1" 304 - "http://localhost:3000/" "Mozilla/5.0 (Windows NT 10.0; Win64; x64) AppleWebKit/537.36 (KHTML, like Gecko) Chrome/90.0.4430.212 Safari/537.36 OPR/76.0.4017.177"

info: ::1 - - [10/Jun/2021:21:07:42 +0000] "POST /api/v1/incidents HTTP/1.1" 201 310 "http://localhost:3000/" "Mozilla/5.0 (Windows NT 10.0; Win64; x64) AppleWebKit/537.36 (KHTML, like Gecko) Chrome/90.0.4430.212 Safari/537.36 OPR/76.0.4017.177"

info: ::1 - - [10/Jun/2021:21:07:45 +0000] "GET /api/v1/incidents HTTP/1.1" 200 865 "http://localhost:3000/" "Mozilla/5.0 (Windows NT 10.0; Win64; x64) AppleWebKit/537.36 (KHTML, like Gecko) Chrome/90.0.4430.212 Safari/537.36 OPR/76.0.4017.177"

info: ::1 - - [10/Jun/2021:21:10:03 +0000] "POST /api/v1/incidents HTTP/1.1" 201 399 "http://localhost:3000/" "Mozilla/5.0 (Windows NT 10.0; Win64; x64) AppleWebKit/537.36 (KHTML, like Gecko) Chrome/90.0.4430.212 Safari/537.36 OPR/76.0.4017.177"

info: ::1 - - [10/Jun/2021:21:10:05 +0000] "GET /api/v1/incidents HTTP/1.1" 200 1217 "http://localhost:3000/" "Mozilla/5.0 (Windows NT 10.0; Win64; x64) AppleWebKit/537.36 (KHTML, like Gecko) Chrome/90.0.4430.212 Safari/537.36 OPR/76.0.4017.177"

info: ::1 - - [10/Jun/2021:21:10:17 +0000] "GET /api/v1/incidents HTTP/1.1" 304 - "http://localhost:3000/" "Mozilla/5.0 (Windows NT 10.0; Win64; x64) AppleWebKit/537.36 (KHTML, like Gecko) Chrome/90.0.4430.212 Safari/537.36 OPR/76.0.4017.177"

info: ::1 - - [10/Jun/2021:21:11:26 +0000] "GET /api/v1/incidents HTTP/1.1" 304 - "http://localhost:3000/" "Mozilla/5.0 (Windows NT 10.0; Win64; x64) AppleWebKit/537.36 (KHTML, like Gecko) Chrome/90.0.4430.212 Safari/537.36 OPR/76.0.4017.177"

info: ::1 - - [10/Jun/2021:21:11:30 +0000] "GET /api/v1/incidents HTTP/1.1" 304 - "http://localhost:3000/" "Mozilla/5.0 (Windows NT 10.0; Win64; x64) AppleWebKit/537.36 (KHTML, like Gecko) Chrome/90.0.4430.212 Safari/537.36 OPR/76.0.4017.177"

info: ::1 - - [10/Jun/2021:21:11:33 +0000] "GET /api/v1/incidents HTTP/1.1" 304 - "http://localhost:3000/" "Mozilla/5.0 (Windows NT 10.0; Win64; x64) AppleWebKit/537.36 (KHTML, like Gecko) Chrome/90.0.4430.212 Safari/537.36 OPR/76.0.4017.177"

info: ::1 - - [10/Jun/2021:21:13:17 +0000] "GET /api/v1/incidents HTTP/1.1" 304 - "http://localhost:3000/" "Mozilla/5.0 (Windows NT 10.0; Win64; x64) AppleWebKit/537.36 (KHTML, like Gecko) Chrome/90.0.4430.212 Safari/537.36 OPR/76.0.4017.177"

info: ::1 - - [10/Jun/2021:21:13:38 +0000] "GET /api/v1/incidents HTTP/1.1" 304 - "http://localhost:3000/" "Mozilla/5.0 (Windows NT 10.0; Win64; x64) AppleWebKit/537.36 (KHTML, like Gecko) Chrome/90.0.4430.212 Safari/537.36 OPR/76.0.4017.177"

info: ::1 - - [10/Jun/2021:21:14:02 +0000] "POST /api/v1/incidents HTTP/1.1" 201 275 "http://localhost:3000/" "Mozilla/5.0 (Windows NT 10.0; Win64; x64) AppleWebKit/537.36 (KHTML, like Gecko) Chrome/90.0.4430.212 Safari/537.36 OPR/76.0.4017.177"

info: ::1 - - [10/Jun/2021:21:14:05 +0000] "GET /api/v1/incidents HTTP/1.1" 200 1445 "http://localhost:3000/" "Mozilla/5.0 (Windows NT 10.0; Win64; x64) AppleWebKit/537.36 (KHTML, like Gecko) Chrome/90.0.4430.212 Safari/537.36 OPR/76.0.4017.177"

info: ::1 - - [10/Jun/2021:21:14:18 +0000] "PUT /api/v1/incidents/5 HTTP/1.1" 202 303 "http://localhost:3000/" "Mozilla/5.0 (Windows NT 10.0; Win64; x64) AppleWebKit/537.36 (KHTML, like Gecko) Chrome/90.0.4430.212 Safari/537.36 OPR/76.0.4017.177"

info: ::1 - - [10/Jun/2021:21:14:37 +0000] "PUT /api/v1/incidents/5 HTTP/1.1" 202 315 "http://localhost:3000/" "Mozilla/5.0 (Windows NT 10.0; Win64; x64) AppleWebKit/537.36 (KHTML, like Gecko) Chrome/90.0.4430.212 Safari/537.36 OPR/76.0.4017.177"

info: ::1 - - [10/Jun/2021:21:14:43 +0000] "DELETE /api/v1/incidents/5 HTTP/1.1" 200 315 "http://localhost:3000/" "Mozilla/5.0 (Windows NT 10.0; Win64; x64) AppleWebKit/537.36 (KHTML, like Gecko) Chrome/90.0.4430.212 Safari/537.36 OPR/76.0.4017.177"

info: ::1 - - [10/Jun/2021:21:14:53 +0000] "GET /api/v1/incidents HTTP/1.1" 200 1217 "http://localhost:3000/" "Mozilla/5.0 (Windows NT 10.0; Win64; x64) AppleWebKit/537.36 (KHTML, like Gecko) Chrome/90.0.4430.212 Safari/537.36 OPR/76.0.4017.177"

info: ::1 - - [10/Jun/2021:21:15:33 +0000] "PUT /api/v1/incidents/4 HTTP/1.1" 202 420 "http://localhost:3000/" "Mozilla/5.0 (Windows NT 10.0; Win64; x64) AppleWebKit/537.36 (KHTML, like Gecko) Chrome/90.0.4430.212 Safari/537.36 OPR/76.0.4017.177"

info: ::1 - - [10/Jun/2021:21:15:40 +0000] "GET /api/v1/incidents HTTP/1.1" 200 1224 "http://localhost:3000/" "Mozilla/5.0 (Windows NT 10.0; Win64; x64) AppleWebKit/537.36 (KHTML, like Gecko) Chrome/90.0.4430.212 Safari/537.36 OPR/76.0.4017.177"

info: ::1 - - [10/Jun/2021:21:15:52 +0000] "GET /api/v1/incidents HTTP/1.1" 304 - "http://localhost:3000/" "Mozilla/5.0 (Windows NT 10.0; Win64; x64) AppleWebKit/537.36 (KHTML, like Gecko) Chrome/90.0.4430.212 Safari/537.36 OPR/76.0.4017.177"

info: ::1 - - [10/Jun/2021:21:16:17 +0000] "POST /api/v1/incidents HTTP/1.1" 201 277 "http://localhost:3000/" "Mozilla/5.0 (Windows NT 10.0; Win64; x64) AppleWebKit/537.36 (KHTML, like Gecko) Chrome/90.0.4430.212 Safari/537.36 OPR/76.0.4017.177"

info: ::1 - - [10/Jun/2021:21:16:20 +0000] "GET /api/v1/incidents HTTP/1.1" 200 1454 "http://localhost:3000/" "Mozilla/5.0 (Windows NT 10.0; Win64; x64) AppleWebKit/537.36 (KHTML, like Gecko) Chrome/90.0.4430.212 Safari/537.36 OPR/76.0.4017.177"

info: ::1 - - [10/Jun/2021:21:16:40 +0000] "POST /api/v1/incidents HTTP/1.1" 201 284 "http://localhost:3000/" "Mozilla/5.0 (Windows NT 10.0; Win64; x64) AppleWebKit/537.36 (KHTML, like Gecko) Chrome/90.0.4430.212 Safari/537.36 OPR/76.0.4017.177"

info: ::1 - - [10/Jun/2021:21:16:43 +0000] "GET /api/v1/incidents HTTP/1.1" 200 1691 "http://localhost:3000/" "Mozilla/5.0 (Windows NT 10.0; Win64; x64) AppleWebKit/537.36 (KHTML, like Gecko) Chrome/90.0.4430.212 Safari/537.36 OPR/76.0.4017.177"

info: ::1 - - [10/Jun/2021:21:16:55 +0000] "PUT /api/v1/incidents/6 HTTP/1.1" 202 305 "http://localhost:3000/" "Mozilla/5.0 (Windows NT 10.0; Win64; x64) AppleWebKit/537.36 (KHTML, like Gecko) Chrome/90.0.4430.212 Safari/537.36 OPR/76.0.4017.177"

info: ::1 - - [10/Jun/2021:21:17:10 +0000] "PUT /api/v1/incidents/6 HTTP/1.1" 202 317 "http://localhost:3000/" "Mozilla/5.0 (Windows NT 10.0; Win64; x64) AppleWebKit/537.36 (KHTML, like Gecko) Chrome/90.0.4430.212 Safari/537.36 OPR/76.0.4017.177"

info: ::1 - - [10/Jun/2021:21:20:32 +0000] "POST /api/v1/incidents HTTP/1.1" 201 325 "http://localhost:3000/" "Mozilla/5.0 (Windows NT 10.0; Win64; x64) AppleWebKit/537.36 (KHTML, like Gecko) Chrome/90.0.4430.212 Safari/537.36 OPR/76.0.4017.177"

info: ::1 - - [10/Jun/2021:21:20:54 +0000] "POST /api/v1/incidents HTTP/1.1" 201 306 "http://localhost:3000/" "Mozilla/5.0 (Windows NT 10.0; Win64; x64) AppleWebKit/537.36 (KHTML, like Gecko) Chrome/90.0.4430.212 Safari/537.36 OPR/76.0.4017.177"

info: ::1 - - [10/Jun/2021:21:21:05 +0000] "GET /api/v1/incidents HTTP/1.1" 200 601 "http://localhost:3000/" "Mozilla/5.0 (Windows NT 10.0; Win64; x64) AppleWebKit/537.36 (KHTML, like Gecko) Chrome/90.0.4430.212 Safari/537.36 OPR/76.0.4017.177"

info: ::1 - - [10/Jun/2021:21:21:44 +0000] "POST /api/v1/incidents HTTP/1.1" 201 303 "http://localhost:3000/" "Mozilla/5.0 (Windows NT 10.0; Win64; x64) AppleWebKit/537.36 (KHTML, like Gecko) Chrome/90.0.4430.212 Safari/537.36 OPR/76.0.4017.177"

info: ::1 - - [10/Jun/2021:21:21:52 +0000] "GET /api/v1/incidents HTTP/1.1" 200 857 "http://localhost:3000/" "Mozilla/5.0 (Windows NT 10.0; Win64; x64) AppleWebKit/537.36 (KHTML, like Gecko) Chrome/90.0.4430.212 Safari/537.36 OPR/76.0.4017.177"

info: ::1 - - [10/Jun/2021:21:22:10 +0000] "GET /api/v1/incidents HTTP/1.1" 200 855 "http://localhost:3000/" "Mozilla/5.0 (Windows NT 10.0; Win64; x64) AppleWebKit/537.36 (KHTML, like Gecko) Chrome/90.0.4430.212 Safari/537.36 OPR/76.0.4017.177"

info: ::1 - - [10/Jun/2021:21:22:13 +0000] "GET /api/v1/incidents HTTP/1.1" 304 - "http://localhost:3000/" "Mozilla/5.0 (Windows NT 10.0; Win64; x64) AppleWebKit/537.36 (KHTML, like Gecko) Chrome/90.0.4430.212 Safari/537.36 OPR/76.0.4017.177"

info: ::1 - - [10/Jun/2021:21:22:52 +0000] "POST /api/v1/incidents HTTP/1.1" 201 328 "http://localhost:3000/" "Mozilla/5.0 (Windows NT 10.0; Win64; x64) AppleWebKit/537.36 (KHTML, like Gecko) Chrome/90.0.4430.212 Safari/537.36 OPR/76.0.4017.177"

info: ::1 - - [10/Jun/2021:21:22:54 +0000] "GET /api/v1/incidents HTTP/1.1" 200 1136 "http://localhost:3000/" "Mozilla/5.0 (Windows NT 10.0; Win64; x64) AppleWebKit/537.36 (KHTML, like Gecko) Chrome/90.0.4430.212 Safari/537.36 OPR/76.0.4017.177"

info: ::1 - - [10/Jun/2021:21:23:21 +0000] "GET /api/v1/incidents HTTP/1.1" 304 - "http://localhost:3000/" "Mozilla/5.0 (Windows NT 10.0; Win64; x64) AppleWebKit/537.36 (KHTML, like Gecko) Chrome/90.0.4430.212 Safari/537.36 OPR/76.0.4017.177"

info: ::1 - - [10/Jun/2021:21:23:37 +0000] "POST /api/v1/incidents HTTP/1.1" 201 276 "http://localhost:3000/" "Mozilla/5.0 (Windows NT 10.0; Win64; x64) AppleWebKit/537.36 (KHTML, like Gecko) Chrome/90.0.4430.212 Safari/537.36 OPR/76.0.4017.177"

info: ::1 - - [10/Jun/2021:21:23:53 +0000] "POST /api/v1/incidents HTTP/1.1" 201 278 "http://localhost:3000/" "Mozilla/5.0 (Windows NT 10.0; Win64; x64) AppleWebKit/537.36 (KHTML, like Gecko) Chrome/90.0.4430.212 Safari/537.36 OPR/76.0.4017.177"

info: ::1 - - [10/Jun/2021:21:23:57 +0000] "GET /api/v1/incidents HTTP/1.1" 200 1596 "http://localhost:3000/" "Mozilla/5.0 (Windows NT 10.0; Win64; x64) AppleWebKit/537.36 (KHTML, like Gecko) Chrome/90.0.4430.212 Safari/537.36 OPR/76.0.4017.177"

info: ::1 - - [10/Jun/2021:21:24:29 +0000] "PUT /api/v1/incidents/6 HTTP/1.1" 202 306 "http://localhost:3000/" "Mozilla/5.0 (Windows NT 10.0; Win64; x64) AppleWebKit/537.36 (KHTML, like Gecko) Chrome/90.0.4430.212 Safari/537.36 OPR/76.0.4017.177"

info: ::1 - - [10/Jun/2021:21:24:41 +0000] "PUT /api/v1/incidents/5 HTTP/1.1" 202 302 "http://localhost:3000/" "Mozilla/5.0 (Windows NT 10.0; Win64; x64) AppleWebKit/537.36 (KHTML, like Gecko) Chrome/90.0.4430.212 Safari/537.36 OPR/76.0.4017.177"

info: ::1 - - [10/Jun/2021:21:24:56 +0000] "DELETE /api/v1/incidents/5 HTTP/1.1" 200 302 "http://localhost:3000/" "Mozilla/5.0 (Windows NT 10.0; Win64; x64) AppleWebKit/537.36 (KHTML, like Gecko) Chrome/90.0.4430.212 Safari/537.36 OPR/76.0.4017.177"

info: ::1 - - [10/Jun/2021:21:24:59 +0000] "DELETE /api/v1/incidents/6 HTTP/1.1" 200 306 "http://localhost:3000/" "Mozilla/5.0 (Windows NT 10.0; Win64; x64) AppleWebKit/537.36 (KHTML, like Gecko) Chrome/90.0.4430.212 Safari/537.36 OPR/76.0.4017.177"

