error: uncaughtException: Cannot find module '../models/user'
Require stack:
- C:\Users\jairr\Documents\AplicaciónIncidencias\server\build\services\user.service.js
- C:\Users\jairr\Documents\AplicaciónIncidencias\server\build\controllers\user.controller.js
- C:\Users\jairr\Documents\AplicaciónIncidencias\server\build\routes\user.route.js
- C:\Users\jairr\Documents\AplicaciónIncidencias\server\build\routes\index.js
- C:\Users\jairr\Documents\AplicaciónIncidencias\server\build\index.js
Error: Cannot find module '../models/user'
Require stack:
- C:\Users\jairr\Documents\AplicaciónIncidencias\server\build\services\user.service.js
- C:\Users\jairr\Documents\AplicaciónIncidencias\server\build\controllers\user.controller.js
- C:\Users\jairr\Documents\AplicaciónIncidencias\server\build\routes\user.route.js
- C:\Users\jairr\Documents\AplicaciónIncidencias\server\build\routes\index.js
- C:\Users\jairr\Documents\AplicaciónIncidencias\server\build\index.js
    at Function.Module._resolveFilename (internal/modules/cjs/loader.js:880:15)
    at Function.Module._load (internal/modules/cjs/loader.js:725:27)
    at Module.require (internal/modules/cjs/loader.js:952:19)
    at require (internal/modules/cjs/helpers.js:88:18)
    at Object.<anonymous> (C:\Users\jairr\Documents\AplicaciónIncidencias\server\build\services\user.service.js:22:12)
    at Module._compile (internal/modules/cjs/loader.js:1063:30)
    at Object.Module._extensions..js (internal/modules/cjs/loader.js:1092:10)
    at Module.load (internal/modules/cjs/loader.js:928:32)
    at Function.Module._load (internal/modules/cjs/loader.js:769:14)
    at Module.require (internal/modules/cjs/loader.js:952:19) {"error":{"code":"MODULE_NOT_FOUND","requireStack":["C:\\Users\\jairr\\Documents\\AplicaciónIncidencias\\server\\build\\services\\user.service.js","C:\\Users\\jairr\\Documents\\AplicaciónIncidencias\\server\\build\\controllers\\user.controller.js","C:\\Users\\jairr\\Documents\\AplicaciónIncidencias\\server\\build\\routes\\user.route.js","C:\\Users\\jairr\\Documents\\AplicaciónIncidencias\\server\\build\\routes\\index.js","C:\\Users\\jairr\\Documents\\AplicaciónIncidencias\\server\\build\\index.js"]},"stack":"Error: Cannot find module '../models/user'\nRequire stack:\n- C:\\Users\\jairr\\Documents\\AplicaciónIncidencias\\server\\build\\services\\user.service.js\n- C:\\Users\\jairr\\Documents\\AplicaciónIncidencias\\server\\build\\controllers\\user.controller.js\n- C:\\Users\\jairr\\Documents\\AplicaciónIncidencias\\server\\build\\routes\\user.route.js\n- C:\\Users\\jairr\\Documents\\AplicaciónIncidencias\\server\\build\\routes\\index.js\n- C:\\Users\\jairr\\Documents\\AplicaciónIncidencias\\server\\build\\index.js\n    at Function.Module._resolveFilename (internal/modules/cjs/loader.js:880:15)\n    at Function.Module._load (internal/modules/cjs/loader.js:725:27)\n    at Module.require (internal/modules/cjs/loader.js:952:19)\n    at require (internal/modules/cjs/helpers.js:88:18)\n    at Object.<anonymous> (C:\\Users\\jairr\\Documents\\AplicaciónIncidencias\\server\\build\\services\\user.service.js:22:12)\n    at Module._compile (internal/modules/cjs/loader.js:1063:30)\n    at Object.Module._extensions..js (internal/modules/cjs/loader.js:1092:10)\n    at Module.load (internal/modules/cjs/loader.js:928:32)\n    at Function.Module._load (internal/modules/cjs/loader.js:769:14)\n    at Module.require (internal/modules/cjs/loader.js:952:19)","exception":true,"date":"Wed Jun 09 2021 19:14:09 GMT-0500 (hora de verano central)","process":{"pid":22604,"uid":null,"gid":null,"cwd":"C:\\Users\\jairr\\Documents\\AplicaciónIncidencias\\server","execPath":"C:\\Program Files\\nodejs\\node.exe","version":"v14.15.5","argv":["C:\\Program Files\\nodejs\\node.exe","C:\\Users\\jairr\\Documents\\AplicaciónIncidencias\\server\\build\\index.js"],"memoryUsage":{"rss":54763520,"heapTotal":31784960,"heapUsed":16234224,"external":1606080,"arrayBuffers":173408}},"os":{"loadavg":[0,0,0],"uptime":972416},"trace":[{"column":15,"file":"internal/modules/cjs/loader.js","function":"Module._resolveFilename","line":880,"method":"_resolveFilename","native":false},{"column":27,"file":"internal/modules/cjs/loader.js","function":"Module._load","line":725,"method":"_load","native":false},{"column":19,"file":"internal/modules/cjs/loader.js","function":"Module.require","line":952,"method":"require","native":false},{"column":18,"file":"internal/modules/cjs/helpers.js","function":"require","line":88,"method":null,"native":false},{"column":12,"file":"C:\\Users\\jairr\\Documents\\AplicaciónIncidencias\\server\\build\\services\\user.service.js","function":null,"line":22,"method":null,"native":false},{"column":30,"file":"internal/modules/cjs/loader.js","function":"Module._compile","line":1063,"method":"_compile","native":false},{"column":10,"file":"internal/modules/cjs/loader.js","function":"Module._extensions..js","line":1092,"method":".js","native":false},{"column":32,"file":"internal/modules/cjs/loader.js","function":"Module.load","line":928,"method":"load","native":false},{"column":14,"file":"internal/modules/cjs/loader.js","function":"Module._load","line":769,"method":"_load","native":false},{"column":19,"file":"internal/modules/cjs/loader.js","function":"Module.require","line":952,"method":"require","native":false}],"timestamp":"2021-06-10T00:14:09.678Z"}
error: uncaughtException: userRoute is not defined
ReferenceError: userRoute is not defined
    at routes (C:\Users\jairr\Documents\AplicaciónIncidencias\server\build\routes\index.js:24:24)
    at Object.<anonymous> (C:\Users\jairr\Documents\AplicaciónIncidencias\server\build\index.js:47:61)
    at Module._compile (internal/modules/cjs/loader.js:1063:30)
    at Object.Module._extensions..js (internal/modules/cjs/loader.js:1092:10)
    at Module.load (internal/modules/cjs/loader.js:928:32)
    at Function.Module._load (internal/modules/cjs/loader.js:769:14)
    at Function.executeUserEntryPoint [as runMain] (internal/modules/run_main.js:72:12)
    at internal/main/run_main_module.js:17:47 {"error":{},"stack":"ReferenceError: userRoute is not defined\n    at routes (C:\\Users\\jairr\\Documents\\AplicaciónIncidencias\\server\\build\\routes\\index.js:24:24)\n    at Object.<anonymous> (C:\\Users\\jairr\\Documents\\AplicaciónIncidencias\\server\\build\\index.js:47:61)\n    at Module._compile (internal/modules/cjs/loader.js:1063:30)\n    at Object.Module._extensions..js (internal/modules/cjs/loader.js:1092:10)\n    at Module.load (internal/modules/cjs/loader.js:928:32)\n    at Function.Module._load (internal/modules/cjs/loader.js:769:14)\n    at Function.executeUserEntryPoint [as runMain] (internal/modules/run_main.js:72:12)\n    at internal/main/run_main_module.js:17:47","exception":true,"date":"Wed Jun 09 2021 19:15:58 GMT-0500 (hora de verano central)","process":{"pid":23024,"uid":null,"gid":null,"cwd":"C:\\Users\\jairr\\Documents\\AplicaciónIncidencias\\server","execPath":"C:\\Program Files\\nodejs\\node.exe","version":"v14.15.5","argv":["C:\\Program Files\\nodejs\\node.exe","C:\\Users\\jairr\\Documents\\AplicaciónIncidencias\\server\\build\\index.js"],"memoryUsage":{"rss":39206912,"heapTotal":17285120,"heapUsed":11915040,"external":1741506,"arrayBuffers":431608}},"os":{"loadavg":[0,0,0],"uptime":972526},"trace":[{"column":24,"file":"C:\\Users\\jairr\\Documents\\AplicaciónIncidencias\\server\\build\\routes\\index.js","function":"routes","line":24,"method":null,"native":false},{"column":61,"file":"C:\\Users\\jairr\\Documents\\AplicaciónIncidencias\\server\\build\\index.js","function":null,"line":47,"method":null,"native":false},{"column":30,"file":"internal/modules/cjs/loader.js","function":"Module._compile","line":1063,"method":"_compile","native":false},{"column":10,"file":"internal/modules/cjs/loader.js","function":"Module._extensions..js","line":1092,"method":".js","native":false},{"column":32,"file":"internal/modules/cjs/loader.js","function":"Module.load","line":928,"method":"load","native":false},{"column":14,"file":"internal/modules/cjs/loader.js","function":"Module._load","line":769,"method":"_load","native":false},{"column":12,"file":"internal/modules/run_main.js","function":"Function.executeUserEntryPoint [as runMain]","line":72,"method":"executeUserEntryPoint [as runMain]","native":false},{"column":47,"file":"internal/main/run_main_module.js","function":null,"line":17,"method":null,"native":false}],"timestamp":"2021-06-10T00:15:58.878Z"}
error: uncaughtException: Cannot find module '../models/inciden'
Require stack:
- C:\Users\jairr\Documents\AplicaciónIncidencias\server\build\services\incident.service.js
- C:\Users\jairr\Documents\AplicaciónIncidencias\server\build\controllers\incident.controller.js
- C:\Users\jairr\Documents\AplicaciónIncidencias\server\build\routes\incident.route.js
- C:\Users\jairr\Documents\AplicaciónIncidencias\server\build\routes\index.js
- C:\Users\jairr\Documents\AplicaciónIncidencias\server\build\index.js
Error: Cannot find module '../models/inciden'
Require stack:
- C:\Users\jairr\Documents\AplicaciónIncidencias\server\build\services\incident.service.js
- C:\Users\jairr\Documents\AplicaciónIncidencias\server\build\controllers\incident.controller.js
- C:\Users\jairr\Documents\AplicaciónIncidencias\server\build\routes\incident.route.js
- C:\Users\jairr\Documents\AplicaciónIncidencias\server\build\routes\index.js
- C:\Users\jairr\Documents\AplicaciónIncidencias\server\build\index.js
    at Function.Module._resolveFilename (internal/modules/cjs/loader.js:880:15)
    at Function.Module._load (internal/modules/cjs/loader.js:725:27)
    at Module.require (internal/modules/cjs/loader.js:952:19)
    at require (internal/modules/cjs/helpers.js:88:18)
    at Object.<anonymous> (C:\Users\jairr\Documents\AplicaciónIncidencias\server\build\services\incident.service.js:22:16)
    at Module._compile (internal/modules/cjs/loader.js:1063:30)
    at Object.Module._extensions..js (internal/modules/cjs/loader.js:1092:10)
    at Module.load (internal/modules/cjs/loader.js:928:32)
    at Function.Module._load (internal/modules/cjs/loader.js:769:14)
    at Module.require (internal/modules/cjs/loader.js:952:19) {"error":{"code":"MODULE_NOT_FOUND","requireStack":["C:\\Users\\jairr\\Documents\\AplicaciónIncidencias\\server\\build\\services\\incident.service.js","C:\\Users\\jairr\\Documents\\AplicaciónIncidencias\\server\\build\\controllers\\incident.controller.js","C:\\Users\\jairr\\Documents\\AplicaciónIncidencias\\server\\build\\routes\\incident.route.js","C:\\Users\\jairr\\Documents\\AplicaciónIncidencias\\server\\build\\routes\\index.js","C:\\Users\\jairr\\Documents\\AplicaciónIncidencias\\server\\build\\index.js"]},"stack":"Error: Cannot find module '../models/inciden'\nRequire stack:\n- C:\\Users\\jairr\\Documents\\AplicaciónIncidencias\\server\\build\\services\\incident.service.js\n- C:\\Users\\jairr\\Documents\\AplicaciónIncidencias\\server\\build\\controllers\\incident.controller.js\n- C:\\Users\\jairr\\Documents\\AplicaciónIncidencias\\server\\build\\routes\\incident.route.js\n- C:\\Users\\jairr\\Documents\\AplicaciónIncidencias\\server\\build\\routes\\index.js\n- C:\\Users\\jairr\\Documents\\AplicaciónIncidencias\\server\\build\\index.js\n    at Function.Module._resolveFilename (internal/modules/cjs/loader.js:880:15)\n    at Function.Module._load (internal/modules/cjs/loader.js:725:27)\n    at Module.require (internal/modules/cjs/loader.js:952:19)\n    at require (internal/modules/cjs/helpers.js:88:18)\n    at Object.<anonymous> (C:\\Users\\jairr\\Documents\\AplicaciónIncidencias\\server\\build\\services\\incident.service.js:22:16)\n    at Module._compile (internal/modules/cjs/loader.js:1063:30)\n    at Object.Module._extensions..js (internal/modules/cjs/loader.js:1092:10)\n    at Module.load (internal/modules/cjs/loader.js:928:32)\n    at Function.Module._load (internal/modules/cjs/loader.js:769:14)\n    at Module.require (internal/modules/cjs/loader.js:952:19)","exception":true,"date":"Wed Jun 09 2021 19:24:38 GMT-0500 (hora de verano central)","process":{"pid":12616,"uid":null,"gid":null,"cwd":"C:\\Users\\jairr\\Documents\\AplicaciónIncidencias\\server","execPath":"C:\\Program Files\\nodejs\\node.exe","version":"v14.15.5","argv":["C:\\Program Files\\nodejs\\node.exe","C:\\Users\\jairr\\Documents\\AplicaciónIncidencias\\server\\build\\index.js"],"memoryUsage":{"rss":54566912,"heapTotal":31260672,"heapUsed":16247336,"external":1603794,"arrayBuffers":171122}},"os":{"loadavg":[0,0,0],"uptime":973045},"trace":[{"column":15,"file":"internal/modules/cjs/loader.js","function":"Module._resolveFilename","line":880,"method":"_resolveFilename","native":false},{"column":27,"file":"internal/modules/cjs/loader.js","function":"Module._load","line":725,"method":"_load","native":false},{"column":19,"file":"internal/modules/cjs/loader.js","function":"Module.require","line":952,"method":"require","native":false},{"column":18,"file":"internal/modules/cjs/helpers.js","function":"require","line":88,"method":null,"native":false},{"column":16,"file":"C:\\Users\\jairr\\Documents\\AplicaciónIncidencias\\server\\build\\services\\incident.service.js","function":null,"line":22,"method":null,"native":false},{"column":30,"file":"internal/modules/cjs/loader.js","function":"Module._compile","line":1063,"method":"_compile","native":false},{"column":10,"file":"internal/modules/cjs/loader.js","function":"Module._extensions..js","line":1092,"method":".js","native":false},{"column":32,"file":"internal/modules/cjs/loader.js","function":"Module.load","line":928,"method":"load","native":false},{"column":14,"file":"internal/modules/cjs/loader.js","function":"Module._load","line":769,"method":"_load","native":false},{"column":19,"file":"internal/modules/cjs/loader.js","function":"Module.require","line":952,"method":"require","native":false}],"timestamp":"2021-06-10T00:24:38.303Z"}
error: 
    status - 500 
    message - TypeError: IncidentService.newUser is not a function
    at _callee3$ (C:\Users\jairr\Documents\AplicaciónIncidencias\server\build\controllers\incident.controller.js:128:36)
    at tryCatch (C:\Users\jairr\Documents\AplicaciónIncidencias\server\node_modules\regenerator-runtime\runtime.js:63:40)
    at Generator.invoke [as _invoke] (C:\Users\jairr\Documents\AplicaciónIncidencias\server\node_modules\regenerator-runtime\runtime.js:293:22)
    at Generator.next (C:\Users\jairr\Documents\AplicaciónIncidencias\server\node_modules\regenerator-runtime\runtime.js:118:21)
    at asyncGeneratorStep (C:\Users\jairr\Documents\AplicaciónIncidencias\server\node_modules\@babel\runtime\helpers\asyncToGenerator.js:3:24)
    at _next (C:\Users\jairr\Documents\AplicaciónIncidencias\server\node_modules\@babel\runtime\helpers\asyncToGenerator.js:25:9)
    at C:\Users\jairr\Documents\AplicaciónIncidencias\server\node_modules\@babel\runtime\helpers\asyncToGenerator.js:32:7
    at new Promise (<anonymous>)
    at C:\Users\jairr\Documents\AplicaciónIncidencias\server\node_modules\@babel\runtime\helpers\asyncToGenerator.js:21:12
    at newIncident (C:\Users\jairr\Documents\AplicaciónIncidencias\server\build\controllers\incident.controller.js:154:18) 
    url - /api/v1/incidents 
    method - POST 
    IP - ::1
   {"timestamp":"2021-06-10T02:03:09.713Z"}
error: 
    status - 500 
    message - ReferenceError: body is not defined
    at _callee4$ (C:\Users\jairr\Documents\AplicaciónIncidencias\server\build\services\incident.service.js:131:47)
    at tryCatch (C:\Users\jairr\Documents\AplicaciónIncidencias\server\node_modules\regenerator-runtime\runtime.js:63:40)
    at Generator.invoke [as _invoke] (C:\Users\jairr\Documents\AplicaciónIncidencias\server\node_modules\regenerator-runtime\runtime.js:293:22)
    at Generator.next (C:\Users\jairr\Documents\AplicaciónIncidencias\server\node_modules\regenerator-runtime\runtime.js:118:21)
    at asyncGeneratorStep (C:\Users\jairr\Documents\AplicaciónIncidencias\server\node_modules\@babel\runtime\helpers\asyncToGenerator.js:3:24)
    at _next (C:\Users\jairr\Documents\AplicaciónIncidencias\server\node_modules\@babel\runtime\helpers\asyncToGenerator.js:25:9)
    at processTicksAndRejections (internal/process/task_queues.js:93:5) 
    url - /api/v1/incidents/10 
    method - DELETE 
    IP - ::1
   {"timestamp":"2021-06-10T04:33:50.761Z"}
